=== Market Statistics Report - 2026-01-06 17:43:49 ===
Tracking 46 markets

KXBTC15M-26JAN061245-45
  Total: 76
  orderbook_delta: 71, orderbook_snapshot: 1, trade: 4

KXBTC15M-26JAN061300-00
  Total: 1
  orderbook_snapshot: 1

KXBTC15M-26JAN061315-15
  Total: 1
  orderbook_snapshot: 1

KXBTC15M-26JAN061330-30
  Total: 1
  orderbook_snapshot: 1

KXBTC15M-26JAN061345-45
  Total: 1
  orderbook_snapshot: 1

KXBTC15M-26JAN061400-00
  Total: 1
  orderbook_snapshot: 1

KXBTC15M-26JAN061415-15
  Total: 1
  orderbook_snapshot: 1

KXBTC15M-26JAN061430-30
  Total: 1
  orderbook_snapshot: 1

KXBTC15M-26JAN061445-45
  Total: 1
  orderbook_snapshot: 1

KXBTC15M-26JAN061500-00
  Total: 1
  orderbook_snapshot: 1

KXBTC15M-26JAN061515-15
  Total: 1
  orderbook_snapshot: 1

KXBTC15M-26JAN061530-30
  Total: 1
  orderbook_snapshot: 1

KXBTC15M-26JAN061545-45
  Total: 1
  orderbook_snapshot: 1

KXBTC15M-26JAN061600-00
  Total: 1
  orderbook_snapshot: 1

KXBTC15M-26JAN061615-15
  Total: 1
  orderbook_snapshot: 1

KXBTC15M-26JAN061630-30
  Total: 1
  orderbook_snapshot: 1

KXBTC15M-26JAN061645-45
  Total: 1
  orderbook_snapshot: 1

KXBTC15M-26JAN061700-00
  Total: 1
  orderbook_snapshot: 1

KXBTC15M-26JAN061715-15
  Total: 1
  orderbook_snapshot: 1

KXBTC15M-26JAN061730-30
  Total: 1
  orderbook_snapshot: 1

KXBTC15M-26JAN061745-45
  Total: 1
  orderbook_snapshot: 1

KXBTC15M-26JAN061800-00
  Total: 1
  orderbook_snapshot: 1

KXBTC15M-26JAN061815-15
  Total: 1
  orderbook_snapshot: 1

KXBTC15M-26JAN061830-30
  Total: 1
  orderbook_snapshot: 1

KXBTC15M-26JAN061845-45
  Total: 1
  orderbook_snapshot: 1

KXBTC15M-26JAN061900-00
  Total: 1
  orderbook_snapshot: 1

KXBTC15M-26JAN061915-15
  Total: 1
  orderbook_snapshot: 1

KXBTC15M-26JAN061930-30
  Total: 1
  orderbook_snapshot: 1

KXBTC15M-26JAN061945-45
  Total: 1
  orderbook_snapshot: 1

KXBTC15M-26JAN062000-00
  Total: 1
  orderbook_snapshot: 1

KXBTC15M-26JAN062015-15
  Total: 1
  orderbook_snapshot: 1

KXBTC15M-26JAN062030-30
  Total: 1
  orderbook_snapshot: 1

KXBTC15M-26JAN062045-45
  Total: 1
  orderbook_snapshot: 1

KXBTC15M-26JAN062100-00
  Total: 1
  orderbook_snapshot: 1

KXBTC15M-26JAN062115-15
  Total: 1
  orderbook_snapshot: 1

KXBTC15M-26JAN062130-30
  Total: 1
  orderbook_snapshot: 1

KXBTC15M-26JAN062145-45
  Total: 1
  orderbook_snapshot: 1

KXBTC15M-26JAN062200-00
  Total: 1
  orderbook_snapshot: 1

KXBTC15M-26JAN062215-15
  Total: 1
  orderbook_snapshot: 1

KXBTC15M-26JAN062230-30
  Total: 1
  orderbook_snapshot: 1

KXBTC15M-26JAN062245-45
  Total: 1
  orderbook_snapshot: 1

KXBTC15M-26JAN062300-00
  Total: 1
  orderbook_snapshot: 1

KXBTC15M-26JAN062315-15
  Total: 1
  orderbook_snapshot: 1

KXBTC15M-26JAN062330-30
  Total: 1
  orderbook_snapshot: 1

KXBTC15M-26JAN062345-45
  Total: 1
  orderbook_snapshot: 1

KXBTC15M-26JAN070000-00
  Total: 1
  orderbook_snapshot: 1

