2026-02-02 16:29:15 | INFO | Created btc_arbitrage_plots

2026-02-02 16:29:15 | INFO | Data range: 2026-01-07 19:44:37.116000 to 2026-02-02 08:39:42.844001

2026-02-02 16:29:15 | INFO | Processing intervals...

2026-02-02 16:29:15 | INFO | ================================================================================
2026-02-02 16:29:15 | INFO | Interval 1 (CYCLE 1): 2026-01-07 19:30 UTC
2026-02-02 16:29:15 | INFO | ================================================================================

2026-02-02 16:29:15 | WARNING | No Polymarket records - Skipping

2026-02-02 16:29:15 | INFO | ================================================================================
2026-02-02 16:29:15 | INFO | Interval 2 (CYCLE 1): 2026-01-07 19:45 UTC
2026-02-02 16:29:15 | INFO | ================================================================================

2026-02-02 16:29:15 | WARNING | No Polymarket records - Skipping

2026-02-02 16:29:15 | INFO | ================================================================================
2026-02-02 16:29:15 | INFO | Interval 3 (CYCLE 1): 2026-01-07 20:00 UTC
2026-02-02 16:29:15 | INFO | ================================================================================

2026-02-02 16:29:15 | INFO | [POLY] 5 price points
2026-02-02 16:29:15 | INFO | Fetched 13759 Kalshi orderbook updates for KXBTC15M-26JAN071515-15 [2026-01-07 20:00:00 to 2026-01-07 20:15:00)
2026-02-02 16:29:15 | INFO | [KALSHI] 13631 price points
2026-02-02 16:29:15 | INFO | Aligned: 5 synchronized data points

2026-02-02 16:29:15 | INFO | Saved interval plot: btc_arbitrage_plots/interval_01_20260107_2000.png
2026-02-02 16:29:15 | INFO | ================================================================================
2026-02-02 16:29:15 | INFO | Interval 4 (CYCLE 2): 2026-01-07 20:15 UTC
2026-02-02 16:29:15 | INFO | ================================================================================

2026-02-02 16:29:16 | INFO | [POLY] 1071 price points
2026-02-02 16:29:16 | INFO | Fetched 11130 Kalshi orderbook updates for KXBTC15M-26JAN071530-30 [2026-01-07 20:15:00 to 2026-01-07 20:30:00)
2026-02-02 16:29:16 | INFO | [KALSHI] 10921 price points
2026-02-02 16:29:16 | INFO | Aligned: 11140 synchronized data points

2026-02-02 16:29:16 | INFO | Saved interval plot: btc_arbitrage_plots/interval_02_20260107_2015.png
2026-02-02 16:29:16 | INFO | ================================================================================
2026-02-02 16:29:16 | INFO | Interval 5 (CYCLE 3): 2026-01-07 20:30 UTC
2026-02-02 16:29:16 | INFO | ================================================================================

2026-02-02 16:29:16 | INFO | [POLY] 816 price points
2026-02-02 16:29:17 | INFO | Fetched 10972 Kalshi orderbook updates for KXBTC15M-26JAN071545-45 [2026-01-07 20:30:00 to 2026-01-07 20:45:00)
2026-02-02 16:29:17 | INFO | [KALSHI] 10832 price points
2026-02-02 16:29:17 | INFO | Aligned: 10985 synchronized data points

2026-02-02 16:29:17 | INFO | Saved interval plot: btc_arbitrage_plots/interval_03_20260107_2030.png
2026-02-02 16:29:17 | INFO | ================================================================================
2026-02-02 16:29:17 | INFO | Interval 6 (CYCLE 4): 2026-01-07 20:45 UTC
2026-02-02 16:29:17 | INFO | ================================================================================

2026-02-02 16:29:17 | INFO | [POLY] 616 price points
2026-02-02 16:29:17 | INFO | Fetched 14297 Kalshi orderbook updates for KXBTC15M-26JAN071600-00 [2026-01-07 20:45:00 to 2026-01-07 21:00:00)
2026-02-02 16:29:18 | INFO | [KALSHI] 14229 price points
2026-02-02 16:29:18 | INFO | Aligned: 13986 synchronized data points

2026-02-02 16:29:18 | INFO | Saved interval plot: btc_arbitrage_plots/interval_04_20260107_2045.png
2026-02-02 16:29:18 | INFO | ================================================================================
2026-02-02 16:29:18 | INFO | Interval 7 (CYCLE 5): 2026-01-07 21:00 UTC
2026-02-02 16:29:18 | INFO | ================================================================================

2026-02-02 16:29:18 | INFO | [POLY] 903 price points
2026-02-02 16:29:18 | INFO | Fetched 8277 Kalshi orderbook updates for KXBTC15M-26JAN071615-15 [2026-01-07 21:00:00 to 2026-01-07 21:15:00)
2026-02-02 16:29:19 | INFO | [KALSHI] 8061 price points
2026-02-02 16:29:19 | INFO | Aligned: 8384 synchronized data points

2026-02-02 16:29:19 | INFO | Saved interval plot: btc_arbitrage_plots/interval_05_20260107_2100.png
2026-02-02 16:29:19 | INFO | ================================================================================
2026-02-02 16:29:19 | INFO | Interval 8 (CYCLE 6): 2026-01-07 21:15 UTC
2026-02-02 16:29:19 | INFO | ================================================================================

2026-02-02 16:29:19 | INFO | [POLY] 1132 price points
2026-02-02 16:29:20 | INFO | Fetched 13189 Kalshi orderbook updates for KXBTC15M-26JAN071630-30 [2026-01-07 21:15:00 to 2026-01-07 21:30:00)
2026-02-02 16:29:20 | INFO | [KALSHI] 13103 price points
2026-02-02 16:29:20 | INFO | Aligned: 13153 synchronized data points

2026-02-02 16:29:20 | INFO | ================================================================================
2026-02-02 16:29:20 | INFO | Interval 9 (CYCLE 7): 2026-01-07 21:30 UTC
2026-02-02 16:29:20 | INFO | ================================================================================

2026-02-02 16:29:22 | INFO | [POLY] 1155 price points
2026-02-02 16:29:22 | INFO | Fetched 15884 Kalshi orderbook updates for KXBTC15M-26JAN071645-45 [2026-01-07 21:30:00 to 2026-01-07 21:45:00)
2026-02-02 16:29:22 | INFO | [KALSHI] 15627 price points
2026-02-02 16:29:23 | INFO | Aligned: 15928 synchronized data points

2026-02-02 16:29:23 | INFO | ================================================================================
2026-02-02 16:29:23 | INFO | Interval 10 (CYCLE 8): 2026-01-07 21:45 UTC
2026-02-02 16:29:23 | INFO | ================================================================================

2026-02-02 16:29:24 | INFO | [POLY] 1223 price points
2026-02-02 16:29:24 | INFO | Fetched 12376 Kalshi orderbook updates for KXBTC15M-26JAN071700-00 [2026-01-07 21:45:00 to 2026-01-07 22:00:00)
2026-02-02 16:29:24 | INFO | [KALSHI] 11989 price points
2026-02-02 16:29:24 | INFO | Aligned: 12236 synchronized data points

2026-02-02 16:29:24 | INFO | ================================================================================
2026-02-02 16:29:24 | INFO | Interval 11 (CYCLE 9): 2026-01-07 22:00 UTC
2026-02-02 16:29:24 | INFO | ================================================================================

2026-02-02 16:29:26 | INFO | [POLY] 1113 price points
2026-02-02 16:29:26 | INFO | Fetched 5908 Kalshi orderbook updates for KXBTC15M-26JAN071715-15 [2026-01-07 22:00:00 to 2026-01-07 22:15:00)
2026-02-02 16:29:26 | INFO | [KALSHI] 5838 price points
2026-02-02 16:29:26 | INFO | Aligned: 6478 synchronized data points

2026-02-02 16:29:26 | INFO | ================================================================================
2026-02-02 16:29:26 | INFO | Interval 12 (CYCLE 10): 2026-01-07 22:15 UTC
2026-02-02 16:29:26 | INFO | ================================================================================

2026-02-02 16:29:28 | INFO | [POLY] 1116 price points
2026-02-02 16:29:28 | INFO | Fetched 5613 Kalshi orderbook updates for KXBTC15M-26JAN071730-30 [2026-01-07 22:15:00 to 2026-01-07 22:30:00)
2026-02-02 16:29:28 | INFO | [KALSHI] 5478 price points
2026-02-02 16:29:28 | INFO | Aligned: 5991 synchronized data points

2026-02-02 16:29:28 | INFO | ================================================================================
2026-02-02 16:29:28 | INFO | Interval 13 (CYCLE 11): 2026-01-07 22:30 UTC
2026-02-02 16:29:28 | INFO | ================================================================================

2026-02-02 16:29:30 | INFO | [POLY] 1178 price points
2026-02-02 16:29:30 | INFO | Fetched 11570 Kalshi orderbook updates for KXBTC15M-26JAN071745-45 [2026-01-07 22:30:00 to 2026-01-07 22:45:00)
2026-02-02 16:29:30 | INFO | [KALSHI] 11487 price points
2026-02-02 16:29:30 | INFO | Aligned: 11833 synchronized data points

2026-02-02 16:29:30 | INFO | ================================================================================
2026-02-02 16:29:30 | INFO | Interval 14 (CYCLE 12): 2026-01-07 22:45 UTC
2026-02-02 16:29:30 | INFO | ================================================================================

2026-02-02 16:29:32 | INFO | [POLY] 995 price points
2026-02-02 16:29:32 | INFO | Fetched 13501 Kalshi orderbook updates for KXBTC15M-26JAN071800-00 [2026-01-07 22:45:00 to 2026-01-07 23:00:00)
2026-02-02 16:29:33 | INFO | [KALSHI] 13314 price points
2026-02-02 16:29:33 | INFO | Aligned: 13383 synchronized data points

2026-02-02 16:29:33 | INFO | ================================================================================
2026-02-02 16:29:33 | INFO | Interval 15 (CYCLE 13): 2026-01-07 23:00 UTC
2026-02-02 16:29:33 | INFO | ================================================================================

2026-02-02 16:29:34 | INFO | [POLY] 1234 price points
2026-02-02 16:29:34 | INFO | Fetched 15626 Kalshi orderbook updates for KXBTC15M-26JAN071815-15 [2026-01-07 23:00:00 to 2026-01-07 23:15:00)
2026-02-02 16:29:35 | INFO | [KALSHI] 15520 price points
2026-02-02 16:29:35 | INFO | Aligned: 15501 synchronized data points

2026-02-02 16:29:35 | INFO | ================================================================================
2026-02-02 16:29:35 | INFO | Interval 16 (CYCLE 14): 2026-01-07 23:15 UTC
2026-02-02 16:29:35 | INFO | ================================================================================

2026-02-02 16:29:36 | INFO | [POLY] 1150 price points
2026-02-02 16:29:36 | INFO | Fetched 10145 Kalshi orderbook updates for KXBTC15M-26JAN071830-30 [2026-01-07 23:15:00 to 2026-01-07 23:30:00)
2026-02-02 16:29:37 | INFO | [KALSHI] 10002 price points
2026-02-02 16:29:37 | INFO | Aligned: 10312 synchronized data points

2026-02-02 16:29:37 | INFO | ================================================================================
2026-02-02 16:29:37 | INFO | Interval 17 (CYCLE 15): 2026-01-07 23:30 UTC
2026-02-02 16:29:37 | INFO | ================================================================================

2026-02-02 16:29:38 | INFO | [POLY] 1212 price points
2026-02-02 16:29:39 | INFO | Fetched 11776 Kalshi orderbook updates for KXBTC15M-26JAN071845-45 [2026-01-07 23:30:00 to 2026-01-07 23:45:00)
2026-02-02 16:29:39 | INFO | [KALSHI] 11718 price points
2026-02-02 16:29:39 | INFO | Aligned: 12153 synchronized data points

2026-02-02 16:29:39 | INFO | 
================================================================================
2026-02-02 16:29:39 | INFO | Creating heatmaps...
2026-02-02 16:29:39 | INFO | ================================================================================

2026-02-02 16:29:43 | INFO | Saved heatmap: btc_arbitrage_plots/heatmap_poly_internal.png
2026-02-02 16:29:46 | INFO | Saved heatmap: btc_arbitrage_plots/heatmap_kalshi_internal.png
2026-02-02 16:29:50 | INFO | Saved heatmap: btc_arbitrage_plots/heatmap_mirror_yes.png
2026-02-02 16:29:54 | INFO | Saved heatmap: btc_arbitrage_plots/heatmap_mirror_no.png
2026-02-02 16:29:54 | INFO | 
================================================================================
2026-02-02 16:29:54 | INFO | Complete: Analyzed 15 cycles
2026-02-02 16:29:54 | INFO | ================================================================================

