nohup: ignoring input
2026-01-09 12:06:24 | ✅ Settlements table ready
2026-01-09 12:06:24 | ✅ CFT_no_exchange table ready
2026-01-09 12:06:24 | 
================================================================================
2026-01-09 12:06:24 | Finding time range across all tables...
2026-01-09 12:06:24 | ================================================================================
2026-01-09 12:06:24 | Last covered timestamp: 1763576365000
2026-01-09 12:06:24 | Processing from 1763576365000 to 1767842385000
2026-01-09 12:06:24 | Range span: 49.4 days
2026-01-09 12:06:24 | 
================================================================================
2026-01-09 12:06:24 | Batch 1: 1763576365000 - 1763619565000
2026-01-09 12:06:24 | ================================================================================
2026-01-09 12:06:27 |   Fetched 693,996 events from events_ctf_exchange
2026-01-09 12:06:28 |   Fetched 240,717 events from events_neg_risk_exchange
2026-01-09 12:06:29 |   Fetched 369,510 events from events_conditional_tokens
2026-01-09 12:06:32 |   Filtered to: 932,891 trade events, 297,582 position events
2026-01-09 12:07:36 |   Inserted 272,143 settlement records, 33,331 unmatched position events
2026-01-09 12:07:36 | 
================================================================================
2026-01-09 12:07:36 | Batch 2: 1763619565000 - 1763662765000
2026-01-09 12:07:36 | ================================================================================
2026-01-09 12:07:40 |   Fetched 911,012 events from events_ctf_exchange
2026-01-09 12:07:42 |   Fetched 274,278 events from events_neg_risk_exchange
2026-01-09 12:07:44 |   Fetched 461,026 events from events_conditional_tokens
2026-01-09 12:07:47 |   Filtered to: 1,183,804 trade events, 371,793 position events
2026-01-09 12:09:09 |   Inserted 345,928 settlement records, 39,418 unmatched position events
2026-01-09 12:09:09 | 
================================================================================
2026-01-09 12:09:09 | Batch 3: 1763662765000 - 1763705965000
2026-01-09 12:09:09 | ================================================================================
2026-01-09 12:09:13 |   Fetched 778,917 events from events_ctf_exchange
2026-01-09 12:09:13 |   Fetched 247,543 events from events_neg_risk_exchange
2026-01-09 12:09:16 |   Fetched 394,350 events from events_conditional_tokens
2026-01-09 12:09:19 |   Filtered to: 1,024,956 trade events, 323,482 position events
2026-01-09 12:10:30 |   Inserted 299,817 settlement records, 38,942 unmatched position events
2026-01-09 12:10:30 | 
================================================================================
2026-01-09 12:10:30 | Batch 4: 1763705965000 - 1763749165000
2026-01-09 12:10:30 | ================================================================================
2026-01-09 12:12:02 |   Fetched 963,030 events from events_ctf_exchange
2026-01-09 12:12:05 |   Fetched 268,355 events from events_neg_risk_exchange
2026-01-09 12:12:07 |   Fetched 485,817 events from events_conditional_tokens
2026-01-09 12:12:11 |   Filtered to: 1,229,635 trade events, 397,881 position events
2026-01-09 12:13:39 |   Inserted 357,626 settlement records, 40,725 unmatched position events
2026-01-09 12:13:39 | 
================================================================================
2026-01-09 12:13:39 | Batch 5: 1763749165000 - 1763792365000
2026-01-09 12:13:39 | ================================================================================
2026-01-09 12:14:59 |   Fetched 759,917 events from events_ctf_exchange
2026-01-09 12:15:00 |   Fetched 216,814 events from events_neg_risk_exchange
2026-01-09 12:15:04 |   Fetched 366,941 events from events_conditional_tokens
2026-01-09 12:15:07 |   Filtered to: 974,941 trade events, 292,105 position events
2026-01-09 12:16:17 |   Inserted 286,859 settlement records, 24,367 unmatched position events
2026-01-09 12:16:17 | 
================================================================================
2026-01-09 12:16:17 | Batch 6: 1763792365000 - 1763835565000
2026-01-09 12:16:17 | ================================================================================
2026-01-09 12:17:48 |   Fetched 821,731 events from events_ctf_exchange
2026-01-09 12:17:49 |   Fetched 278,062 events from events_neg_risk_exchange
2026-01-09 12:17:54 |   Fetched 426,197 events from events_conditional_tokens
2026-01-09 12:17:57 |   Filtered to: 1,098,163 trade events, 341,010 position events
2026-01-09 12:19:17 |   Inserted 322,273 settlement records, 28,304 unmatched position events
2026-01-09 12:19:17 | 
================================================================================
2026-01-09 12:19:17 | Batch 7: 1763835565000 - 1763878765000
2026-01-09 12:19:17 | ================================================================================
2026-01-09 12:20:45 |   Fetched 821,566 events from events_ctf_exchange
2026-01-09 12:20:46 |   Fetched 226,356 events from events_neg_risk_exchange
2026-01-09 12:20:50 |   Fetched 399,991 events from events_conditional_tokens
2026-01-09 12:20:54 |   Filtered to: 1,046,638 trade events, 322,169 position events
2026-01-09 12:22:09 |   Inserted 305,521 settlement records, 32,460 unmatched position events
2026-01-09 12:22:09 | 
================================================================================
2026-01-09 12:22:09 | Batch 8: 1763878765000 - 1763921965000
2026-01-09 12:22:09 | ================================================================================
2026-01-09 12:23:22 |   Fetched 762,624 events from events_ctf_exchange
2026-01-09 12:23:23 |   Fetched 280,351 events from events_neg_risk_exchange
2026-01-09 12:23:27 |   Fetched 420,941 events from events_conditional_tokens
2026-01-09 12:23:31 |   Filtered to: 1,040,945 trade events, 328,949 position events
2026-01-09 12:24:47 |   Inserted 303,797 settlement records, 34,677 unmatched position events
2026-01-09 12:24:47 | 
================================================================================
2026-01-09 12:24:47 | Batch 9: 1763921965000 - 1763965165000
2026-01-09 12:24:47 | ================================================================================
2026-01-09 12:26:16 |   Fetched 810,296 events from events_ctf_exchange
2026-01-09 12:26:17 |   Fetched 231,754 events from events_neg_risk_exchange
2026-01-09 12:26:21 |   Fetched 407,515 events from events_conditional_tokens
2026-01-09 12:26:25 |   Filtered to: 1,040,392 trade events, 313,641 position events
2026-01-09 12:27:39 |   Inserted 306,482 settlement records, 27,961 unmatched position events
2026-01-09 12:27:39 | 
================================================================================
2026-01-09 12:27:39 | Batch 10: 1763965165000 - 1764008365000
2026-01-09 12:27:39 | ================================================================================
2026-01-09 12:29:16 |   Fetched 949,101 events from events_ctf_exchange
2026-01-09 12:29:16 |   Fetched 251,526 events from events_neg_risk_exchange
2026-01-09 12:29:21 |   Fetched 474,142 events from events_conditional_tokens
2026-01-09 12:29:26 |   Filtered to: 1,197,873 trade events, 373,445 position events
2026-01-09 12:30:54 |   Inserted 350,651 settlement records, 39,574 unmatched position events
2026-01-09 12:30:54 | 
================================================================================
2026-01-09 12:30:54 | Batch 11: 1764008365000 - 1764051565000
2026-01-09 12:30:54 | ================================================================================
2026-01-09 12:32:25 |   Fetched 809,564 events from events_ctf_exchange
2026-01-09 12:32:26 |   Fetched 272,609 events from events_neg_risk_exchange
2026-01-09 12:32:31 |   Fetched 426,252 events from events_conditional_tokens
2026-01-09 12:32:35 |   Filtered to: 1,079,243 trade events, 344,276 position events
2026-01-09 12:33:57 |   Inserted 313,364 settlement records, 42,981 unmatched position events
2026-01-09 12:33:57 | 
================================================================================
2026-01-09 12:33:57 | Batch 12: 1764051565000 - 1764094765000
2026-01-09 12:33:57 | ================================================================================
2026-01-09 12:36:09 |   Fetched 1,047,616 events from events_ctf_exchange
2026-01-09 12:36:13 |   Fetched 378,820 events from events_neg_risk_exchange
2026-01-09 12:36:16 |   Fetched 548,826 events from events_conditional_tokens
2026-01-09 12:36:24 |   Filtered to: 1,424,466 trade events, 452,516 position events
2026-01-09 12:38:09 |   Inserted 411,731 settlement records, 51,093 unmatched position events
2026-01-09 12:38:09 | 
================================================================================
2026-01-09 12:38:09 | Batch 13: 1764094765000 - 1764137965000
2026-01-09 12:38:09 | ================================================================================
2026-01-09 12:38:17 |   Fetched 798,404 events from events_ctf_exchange
2026-01-09 12:38:20 |   Fetched 329,097 events from events_neg_risk_exchange
2026-01-09 12:38:22 |   Fetched 447,843 events from events_conditional_tokens
2026-01-09 12:38:27 |   Filtered to: 1,124,915 trade events, 358,771 position events
2026-01-09 12:39:50 |   Inserted 325,360 settlement records, 42,303 unmatched position events
2026-01-09 12:39:50 | 
================================================================================
2026-01-09 12:39:50 | Batch 14: 1764137965000 - 1764181165000
2026-01-09 12:39:50 | ================================================================================
2026-01-09 12:39:58 |   Fetched 1,042,651 events from events_ctf_exchange
2026-01-09 12:40:00 |   Fetched 277,295 events from events_neg_risk_exchange
2026-01-09 12:40:05 |   Fetched 524,352 events from events_conditional_tokens
2026-01-09 12:40:10 |   Filtered to: 1,318,030 trade events, 421,219 position events
2026-01-09 12:41:47 |   Inserted 381,402 settlement records, 42,633 unmatched position events
2026-01-09 12:41:47 | 
================================================================================
2026-01-09 12:41:47 | Batch 15: 1764181165000 - 1764224365000
2026-01-09 12:41:47 | ================================================================================
2026-01-09 12:41:55 |   Fetched 910,347 events from events_ctf_exchange
2026-01-09 12:41:56 |   Fetched 275,419 events from events_neg_risk_exchange
2026-01-09 12:42:02 |   Fetched 506,847 events from events_conditional_tokens
2026-01-09 12:42:07 |   Filtered to: 1,184,208 trade events, 384,772 position events
2026-01-09 12:43:36 |   Inserted 343,738 settlement records, 43,318 unmatched position events
2026-01-09 12:43:36 | 
================================================================================
2026-01-09 12:43:36 | Batch 16: 1764224365000 - 1764267565000
2026-01-09 12:43:36 | ================================================================================
2026-01-09 12:43:43 |   Fetched 969,603 events from events_ctf_exchange
2026-01-09 12:43:45 |   Fetched 248,587 events from events_neg_risk_exchange
2026-01-09 12:43:50 |   Fetched 509,628 events from events_conditional_tokens
2026-01-09 12:43:55 |   Filtered to: 1,216,560 trade events, 383,477 position events
2026-01-09 12:45:23 |   Inserted 350,215 settlement records, 37,907 unmatched position events
2026-01-09 12:45:23 | 
================================================================================
2026-01-09 12:45:23 | Batch 17: 1764267565000 - 1764310765000
2026-01-09 12:45:23 | ================================================================================
2026-01-09 12:45:29 |   Fetched 888,297 events from events_ctf_exchange
2026-01-09 12:45:33 |   Fetched 220,715 events from events_neg_risk_exchange
2026-01-09 12:45:35 |   Fetched 427,788 events from events_conditional_tokens
2026-01-09 12:45:40 |   Filtered to: 1,107,542 trade events, 341,349 position events
2026-01-09 12:47:00 |   Inserted 320,323 settlement records, 25,061 unmatched position events
2026-01-09 12:47:00 | 
================================================================================
2026-01-09 12:47:00 | Batch 18: 1764310765000 - 1764353965000
2026-01-09 12:47:00 | ================================================================================
2026-01-09 12:47:09 |   Fetched 998,604 events from events_ctf_exchange
2026-01-09 12:47:13 |   Fetched 305,052 events from events_neg_risk_exchange
2026-01-09 12:47:17 |   Fetched 517,292 events from events_conditional_tokens
2026-01-09 12:47:22 |   Filtered to: 1,301,852 trade events, 426,104 position events
2026-01-09 12:49:01 |   Inserted 377,060 settlement records, 59,163 unmatched position events
2026-01-09 12:49:01 | 
================================================================================
2026-01-09 12:49:01 | Batch 19: 1764353965000 - 1764397165000
2026-01-09 12:49:01 | ================================================================================
2026-01-09 12:49:10 |   Fetched 923,721 events from events_ctf_exchange
2026-01-09 12:49:12 |   Fetched 200,025 events from events_neg_risk_exchange
2026-01-09 12:49:16 |   Fetched 445,495 events from events_conditional_tokens
2026-01-09 12:49:21 |   Filtered to: 1,121,346 trade events, 355,061 position events
2026-01-09 12:50:45 |   Inserted 322,929 settlement records, 32,626 unmatched position events
2026-01-09 12:50:45 | 
================================================================================
2026-01-09 12:50:45 | Batch 20: 1764397165000 - 1764440365000
2026-01-09 12:50:45 | ================================================================================
2026-01-09 12:50:53 |   Fetched 1,062,849 events from events_ctf_exchange
2026-01-09 12:50:57 |   Fetched 309,613 events from events_neg_risk_exchange
2026-01-09 12:51:03 |   Fetched 529,279 events from events_conditional_tokens
2026-01-09 12:51:08 |   Filtered to: 1,370,782 trade events, 429,309 position events
2026-01-09 12:52:50 |   Inserted 397,985 settlement records, 39,219 unmatched position events
2026-01-09 12:52:50 | 
================================================================================
2026-01-09 12:52:50 | Batch 21: 1764440365000 - 1764483565000
2026-01-09 12:52:50 | ================================================================================
2026-01-09 12:52:56 |   Fetched 877,256 events from events_ctf_exchange
2026-01-09 12:52:57 |   Fetched 232,681 events from events_neg_risk_exchange
2026-01-09 12:53:02 |   Fetched 438,397 events from events_conditional_tokens
2026-01-09 12:53:04 |   Filtered to: 1,107,791 trade events, 347,532 position events
2026-01-09 12:54:26 |   Inserted 320,734 settlement records, 34,326 unmatched position events
2026-01-09 12:54:26 | 
================================================================================
2026-01-09 12:54:26 | Batch 22: 1764483565000 - 1764526765000
2026-01-09 12:54:26 | ================================================================================
2026-01-09 12:54:34 |   Fetched 978,474 events from events_ctf_exchange
2026-01-09 12:54:38 |   Fetched 304,493 events from events_neg_risk_exchange
2026-01-09 12:54:44 |   Fetched 488,736 events from events_conditional_tokens
2026-01-09 12:54:49 |   Filtered to: 1,281,107 trade events, 394,113 position events
2026-01-09 12:56:21 |   Inserted 372,016 settlement records, 35,012 unmatched position events
2026-01-09 12:56:21 | 
================================================================================
2026-01-09 12:56:21 | Batch 23: 1764526765000 - 1764569965000
2026-01-09 12:56:21 | ================================================================================
2026-01-09 12:56:29 |   Fetched 1,025,003 events from events_ctf_exchange
2026-01-09 12:56:30 |   Fetched 278,580 events from events_neg_risk_exchange
2026-01-09 12:56:36 |   Fetched 519,037 events from events_conditional_tokens
2026-01-09 12:56:42 |   Filtered to: 1,301,943 trade events, 413,106 position events
2026-01-09 12:58:18 |   Inserted 375,375 settlement records, 46,491 unmatched position events
2026-01-09 12:58:18 | 
================================================================================
2026-01-09 12:58:18 | Batch 24: 1764569965000 - 1764613165000
2026-01-09 12:58:18 | ================================================================================
2026-01-09 12:58:28 |   Fetched 1,113,008 events from events_ctf_exchange
2026-01-09 12:58:29 |   Fetched 320,661 events from events_neg_risk_exchange
2026-01-09 12:58:36 |   Fetched 605,702 events from events_conditional_tokens
2026-01-09 12:58:42 |   Filtered to: 1,431,677 trade events, 471,587 position events
2026-01-09 13:00:28 |   Inserted 409,894 settlement records, 63,379 unmatched position events
2026-01-09 13:00:28 | 
================================================================================
2026-01-09 13:00:28 | Batch 25: 1764613165000 - 1764656365000
2026-01-09 13:00:28 | ================================================================================
2026-01-09 13:00:33 |   Fetched 981,869 events from events_ctf_exchange
2026-01-09 13:00:37 |   Fetched 320,484 events from events_neg_risk_exchange
2026-01-09 13:00:40 |   Fetched 536,425 events from events_conditional_tokens
2026-01-09 13:00:45 |   Filtered to: 1,299,497 trade events, 432,873 position events
2026-01-09 13:02:22 |   Inserted 373,739 settlement records, 60,916 unmatched position events
2026-01-09 13:02:22 | 
================================================================================
2026-01-09 13:02:22 | Batch 26: 1764656365000 - 1764699565000
2026-01-09 13:02:22 | ================================================================================
2026-01-09 13:02:30 |   Fetched 1,090,412 events from events_ctf_exchange
2026-01-09 13:02:35 |   Fetched 371,808 events from events_neg_risk_exchange
2026-01-09 13:02:42 |   Fetched 616,090 events from events_conditional_tokens
2026-01-09 13:02:48 |   Filtered to: 1,460,748 trade events, 491,526 position events
2026-01-09 13:04:36 |   Inserted 418,879 settlement records, 73,707 unmatched position events
2026-01-09 13:04:36 | 
================================================================================
2026-01-09 13:04:36 | Batch 27: 1764699565000 - 1764742765000
2026-01-09 13:04:36 | ================================================================================
2026-01-09 13:04:44 |   Fetched 1,015,776 events from events_ctf_exchange
2026-01-09 13:04:46 |   Fetched 344,973 events from events_neg_risk_exchange
2026-01-09 13:04:52 |   Fetched 565,604 events from events_conditional_tokens
2026-01-09 13:04:58 |   Filtered to: 1,357,991 trade events, 453,570 position events
2026-01-09 13:06:38 |   Inserted 390,506 settlement records, 64,290 unmatched position events
2026-01-09 13:06:38 | 
================================================================================
2026-01-09 13:06:38 | Batch 28: 1764742765000 - 1764785965000
2026-01-09 13:06:38 | ================================================================================
2026-01-09 13:06:46 |   Fetched 1,156,834 events from events_ctf_exchange
2026-01-09 13:06:52 |   Fetched 349,144 events from events_neg_risk_exchange
2026-01-09 13:06:55 |   Fetched 609,311 events from events_conditional_tokens
2026-01-09 13:07:01 |   Filtered to: 1,504,352 trade events, 486,026 position events
2026-01-09 13:08:54 |   Inserted 431,627 settlement records, 57,941 unmatched position events
2026-01-09 13:08:54 | 
================================================================================
2026-01-09 13:08:54 | Batch 29: 1764785965000 - 1764829165000
2026-01-09 13:08:54 | ================================================================================
2026-01-09 13:09:10 |   Fetched 1,094,716 events from events_ctf_exchange
2026-01-09 13:09:12 |   Fetched 338,129 events from events_neg_risk_exchange
2026-01-09 13:09:18 |   Fetched 577,869 events from events_conditional_tokens
2026-01-09 13:09:25 |   Filtered to: 1,431,483 trade events, 478,353 position events
2026-01-09 13:11:14 |   Inserted 413,985 settlement records, 72,125 unmatched position events
2026-01-09 13:11:14 | 
================================================================================
2026-01-09 13:11:14 | Batch 30: 1764829165000 - 1764872365000
2026-01-09 13:11:14 | ================================================================================
2026-01-09 13:11:30 |   Fetched 1,270,040 events from events_ctf_exchange
2026-01-09 13:11:32 |   Fetched 329,776 events from events_neg_risk_exchange
2026-01-09 13:11:40 |   Fetched 646,184 events from events_conditional_tokens
2026-01-09 13:11:47 |   Filtered to: 1,598,272 trade events, 502,796 position events
2026-01-09 13:13:44 |   Inserted 463,088 settlement records, 59,632 unmatched position events
2026-01-09 13:13:44 | 
================================================================================
2026-01-09 13:13:44 | Batch 31: 1764872365000 - 1764915565000
2026-01-09 13:13:44 | ================================================================================
2026-01-09 13:13:55 |   Fetched 1,071,031 events from events_ctf_exchange
2026-01-09 13:13:56 |   Fetched 269,298 events from events_neg_risk_exchange
2026-01-09 13:14:03 |   Fetched 533,358 events from events_conditional_tokens
2026-01-09 13:14:10 |   Filtered to: 1,336,301 trade events, 433,031 position events
2026-01-09 13:15:49 |   Inserted 385,064 settlement records, 54,892 unmatched position events
2026-01-09 13:15:49 | 
================================================================================
2026-01-09 13:15:49 | Batch 32: 1764915565000 - 1764958765000
2026-01-09 13:15:49 | ================================================================================
2026-01-09 13:16:02 |   Fetched 1,212,523 events from events_ctf_exchange
2026-01-09 13:16:07 |   Fetched 329,082 events from events_neg_risk_exchange
2026-01-09 13:16:11 |   Fetched 631,421 events from events_conditional_tokens
2026-01-09 13:16:18 |   Filtered to: 1,539,819 trade events, 520,428 position events
2026-01-09 13:18:16 |   Inserted 438,199 settlement records, 72,998 unmatched position events
2026-01-09 13:18:16 | 
================================================================================
2026-01-09 13:18:16 | Batch 33: 1764958765000 - 1765001965000
2026-01-09 13:18:16 | ================================================================================
2026-01-09 13:18:32 |   Fetched 1,074,908 events from events_ctf_exchange
2026-01-09 13:18:33 |   Fetched 317,283 events from events_neg_risk_exchange
2026-01-09 13:18:40 |   Fetched 575,664 events from events_conditional_tokens
2026-01-09 13:18:47 |   Filtered to: 1,388,243 trade events, 465,000 position events
2026-01-09 13:20:36 |   Inserted 397,142 settlement records, 69,563 unmatched position events
2026-01-09 13:20:36 | 
================================================================================
2026-01-09 13:20:36 | Batch 34: 1765001965000 - 1765045165000
2026-01-09 13:20:36 | ================================================================================
2026-01-09 13:20:51 |   Fetched 1,195,971 events from events_ctf_exchange
2026-01-09 13:20:53 |   Fetched 401,958 events from events_neg_risk_exchange
2026-01-09 13:21:00 |   Fetched 631,898 events from events_conditional_tokens
2026-01-09 13:21:07 |   Filtered to: 1,596,581 trade events, 521,878 position events
2026-01-09 13:23:10 |   Inserted 455,866 settlement records, 63,580 unmatched position events
2026-01-09 13:23:10 | 
================================================================================
2026-01-09 13:23:10 | Batch 35: 1765045165000 - 1765088365000
2026-01-09 13:23:10 | ================================================================================
2026-01-09 13:23:22 |   Fetched 1,201,091 events from events_ctf_exchange
2026-01-09 13:23:28 |   Fetched 303,197 events from events_neg_risk_exchange
2026-01-09 13:23:31 |   Fetched 611,275 events from events_conditional_tokens
2026-01-09 13:23:38 |   Filtered to: 1,503,070 trade events, 499,933 position events
2026-01-09 13:25:33 |   Inserted 428,278 settlement records, 60,369 unmatched position events
2026-01-09 13:25:33 | 
================================================================================
2026-01-09 13:25:33 | Batch 36: 1765088365000 - 1765131565000
2026-01-09 13:25:33 | ================================================================================
2026-01-09 13:25:49 |   Fetched 1,185,928 events from events_ctf_exchange
2026-01-09 13:25:51 |   Fetched 406,982 events from events_neg_risk_exchange
2026-01-09 13:25:58 |   Fetched 718,128 events from events_conditional_tokens
2026-01-09 13:26:05 |   Filtered to: 1,591,590 trade events, 583,176 position events
2026-01-09 13:28:14 |   Inserted 449,421 settlement records, 114,555 unmatched position events
2026-01-09 13:28:14 | 
================================================================================
2026-01-09 13:28:14 | Batch 37: 1765131565000 - 1765174765000
2026-01-09 13:28:14 | ================================================================================
2026-01-09 13:28:32 |   Fetched 1,220,135 events from events_ctf_exchange
2026-01-09 13:28:38 |   Fetched 277,175 events from events_neg_risk_exchange
2026-01-09 13:28:48 |   Fetched 692,685 events from events_conditional_tokens
2026-01-09 13:28:55 |   Filtered to: 1,495,680 trade events, 533,629 position events
2026-01-09 13:30:55 |   Inserted 418,980 settlement records, 83,600 unmatched position events
2026-01-09 13:30:55 | 
================================================================================
2026-01-09 13:30:55 | Batch 38: 1765174765000 - 1765217965000
2026-01-09 13:30:55 | ================================================================================
2026-01-09 13:31:09 |   Fetched 1,503,196 events from events_ctf_exchange
2026-01-09 13:31:23 |   Fetched 328,785 events from events_neg_risk_exchange
2026-01-09 13:31:34 |   Fetched 788,477 events from events_conditional_tokens
2026-01-09 13:31:42 |   Filtered to: 1,829,883 trade events, 623,763 position events
2026-01-09 13:34:44 |   Inserted 513,781 settlement records, 347,345 unmatched position events
2026-01-09 13:34:44 | 
================================================================================
2026-01-09 13:34:44 | Batch 39: 1765217965000 - 1765261165000
2026-01-09 13:34:44 | ================================================================================
2026-01-09 13:35:03 |   Fetched 1,269,249 events from events_ctf_exchange
2026-01-09 13:35:17 |   Fetched 278,908 events from events_neg_risk_exchange
2026-01-09 13:35:26 |   Fetched 694,353 events from events_conditional_tokens
2026-01-09 13:35:34 |   Filtered to: 1,544,377 trade events, 554,370 position events
2026-01-09 13:38:29 |   Inserted 434,718 settlement records, 445,142 unmatched position events
2026-01-09 13:38:29 | 
================================================================================
2026-01-09 13:38:29 | Batch 40: 1765261165000 - 1765304365000
2026-01-09 13:38:29 | ================================================================================
2026-01-09 13:38:46 |   Fetched 1,357,237 events from events_ctf_exchange
2026-01-09 13:39:03 |   Fetched 369,517 events from events_neg_risk_exchange
2026-01-09 13:39:15 |   Fetched 821,975 events from events_conditional_tokens
2026-01-09 13:39:23 |   Filtered to: 1,725,254 trade events, 649,198 position events
2026-01-09 13:42:48 |   Inserted 477,867 settlement records, 542,511 unmatched position events
2026-01-09 13:42:48 | 
================================================================================
2026-01-09 13:42:48 | Batch 41: 1765304365000 - 1765347565000
2026-01-09 13:42:48 | ================================================================================
2026-01-09 13:43:05 |   Fetched 1,306,932 events from events_ctf_exchange
2026-01-09 13:43:18 |   Fetched 330,908 events from events_neg_risk_exchange
2026-01-09 13:43:29 |   Fetched 794,685 events from events_conditional_tokens
2026-01-09 13:43:37 |   Filtered to: 1,635,852 trade events, 606,236 position events
2026-01-09 13:46:54 |   Inserted 462,458 settlement records, 516,282 unmatched position events
2026-01-09 13:46:54 | 
================================================================================
2026-01-09 13:46:54 | Batch 42: 1765347565000 - 1765390765000
2026-01-09 13:46:54 | ================================================================================
2026-01-09 13:47:17 |   Fetched 1,398,848 events from events_ctf_exchange
2026-01-09 13:47:23 |   Fetched 368,467 events from events_neg_risk_exchange
2026-01-09 13:47:36 |   Fetched 814,791 events from events_conditional_tokens
2026-01-09 13:47:44 |   Filtered to: 1,765,725 trade events, 639,569 position events
2026-01-09 13:50:45 |   Inserted 496,280 settlement records, 310,538 unmatched position events
2026-01-09 13:50:45 | 
================================================================================
2026-01-09 13:50:45 | Batch 43: 1765390765000 - 1765433965000
2026-01-09 13:50:45 | ================================================================================
2026-01-09 13:51:04 |   Fetched 1,507,258 events from events_ctf_exchange
2026-01-09 13:51:12 |   Fetched 417,255 events from events_neg_risk_exchange
2026-01-09 13:51:26 |   Fetched 866,852 events from events_conditional_tokens
2026-01-09 13:51:29 |   Filtered to: 1,922,071 trade events, 686,939 position events
2026-01-09 13:54:21 |   Inserted 542,564 settlement records, 119,165 unmatched position events
2026-01-09 13:54:21 | 
================================================================================
2026-01-09 13:54:21 | Batch 44: 1765433965000 - 1765477165000
2026-01-09 13:54:21 | ================================================================================
2026-01-09 13:54:33 |   Fetched 1,003,436 events from events_ctf_exchange
2026-01-09 13:54:35 |   Fetched 254,738 events from events_neg_risk_exchange
2026-01-09 13:54:48 |   Fetched 639,474 events from events_conditional_tokens
2026-01-09 13:54:55 |   Filtered to: 1,255,984 trade events, 481,486 position events
2026-01-09 13:56:48 |   Inserted 353,033 settlement records, 101,212 unmatched position events
2026-01-09 13:56:48 | 
================================================================================
2026-01-09 13:56:48 | Batch 45: 1765477165000 - 1765520365000
2026-01-09 13:56:48 | ================================================================================
2026-01-09 13:57:01 |   Fetched 1,142,230 events from events_ctf_exchange
2026-01-09 13:57:08 |   Fetched 324,631 events from events_neg_risk_exchange
2026-01-09 13:57:19 |   Fetched 661,755 events from events_conditional_tokens
2026-01-09 13:57:26 |   Filtered to: 1,464,259 trade events, 537,086 position events
2026-01-09 13:59:31 |   Inserted 410,849 settlement records, 90,171 unmatched position events
2026-01-09 13:59:31 | 
================================================================================
2026-01-09 13:59:31 | Batch 46: 1765520365000 - 1765563565000
2026-01-09 13:59:31 | ================================================================================
2026-01-09 13:59:47 |   Fetched 966,074 events from events_ctf_exchange
2026-01-09 13:59:58 |   Fetched 244,149 events from events_neg_risk_exchange
2026-01-09 14:00:10 |   Fetched 607,215 events from events_conditional_tokens
2026-01-09 14:00:12 |   Filtered to: 1,208,379 trade events, 466,160 position events
2026-01-09 14:02:05 |   Inserted 336,573 settlement records, 89,707 unmatched position events
2026-01-09 14:02:05 | 
================================================================================
2026-01-09 14:02:05 | Batch 47: 1765563565000 - 1765606765000
2026-01-09 14:02:05 | ================================================================================
2026-01-09 14:03:02 |   Fetched 1,009,669 events from events_ctf_exchange
2026-01-09 14:03:30 |   Fetched 271,874 events from events_neg_risk_exchange
2026-01-09 14:04:05 |   Fetched 631,451 events from events_conditional_tokens
2026-01-09 14:04:12 |   Filtered to: 1,278,277 trade events, 499,910 position events
2026-01-09 14:06:12 |   Inserted 355,641 settlement records, 98,392 unmatched position events
2026-01-09 14:06:12 | 
================================================================================
2026-01-09 14:06:12 | Batch 48: 1765606765000 - 1765649965000
2026-01-09 14:06:12 | ================================================================================
2026-01-09 14:07:56 |   Fetched 988,492 events from events_ctf_exchange
2026-01-09 14:08:12 |   Fetched 301,542 events from events_neg_risk_exchange
2026-01-09 14:08:25 |   Fetched 546,129 events from events_conditional_tokens
2026-01-09 14:08:31 |   Filtered to: 1,288,180 trade events, 442,566 position events
2026-01-09 14:10:25 |   Inserted 361,696 settlement records, 38,643 unmatched position events
2026-01-09 14:10:25 | 
================================================================================
2026-01-09 14:10:25 | Batch 49: 1765649965000 - 1765693165000
2026-01-09 14:10:25 | ================================================================================
2026-01-09 14:12:21 |   Fetched 1,265,890 events from events_ctf_exchange
2026-01-09 14:12:23 |   Fetched 222,740 events from events_neg_risk_exchange
2026-01-09 14:12:34 |   Fetched 647,715 events from events_conditional_tokens
2026-01-09 14:12:42 |   Filtered to: 1,487,142 trade events, 518,995 position events
2026-01-09 14:14:47 |   Inserted 414,282 settlement records, 38,546 unmatched position events
2026-01-09 14:14:47 | 
================================================================================
2026-01-09 14:14:47 | Batch 50: 1765693165000 - 1765736365000
2026-01-09 14:14:47 | ================================================================================
2026-01-09 14:15:19 |   Fetched 1,334,704 events from events_ctf_exchange
2026-01-09 14:15:21 |   Fetched 362,293 events from events_neg_risk_exchange
2026-01-09 14:15:33 |   Fetched 756,813 events from events_conditional_tokens
2026-01-09 14:15:41 |   Filtered to: 1,695,325 trade events, 616,592 position events
2026-01-09 14:18:17 |   Inserted 474,145 settlement records, 79,634 unmatched position events
2026-01-09 14:18:17 | 
================================================================================
2026-01-09 14:18:17 | Batch 51: 1765736365000 - 1765779565000
2026-01-09 14:18:17 | ================================================================================
2026-01-09 14:18:35 |   Fetched 1,396,180 events from events_ctf_exchange
2026-01-09 14:18:40 |   Fetched 290,243 events from events_neg_risk_exchange
2026-01-09 14:18:51 |   Fetched 759,465 events from events_conditional_tokens
2026-01-09 14:18:58 |   Filtered to: 1,684,613 trade events, 604,457 position events
2026-01-09 14:21:32 |   Inserted 470,203 settlement records, 84,798 unmatched position events
2026-01-09 14:21:32 | 
================================================================================
2026-01-09 14:21:32 | Batch 52: 1765779565000 - 1765822765000
2026-01-09 14:21:32 | ================================================================================
2026-01-09 14:21:55 |   Fetched 1,632,417 events from events_ctf_exchange
2026-01-09 14:22:01 |   Fetched 321,180 events from events_neg_risk_exchange
2026-01-09 14:22:08 |   Fetched 797,554 events from events_conditional_tokens
2026-01-09 14:22:17 |   Filtered to: 1,951,283 trade events, 660,311 position events
2026-01-09 14:25:07 |   Inserted 540,377 settlement records, 63,426 unmatched position events
2026-01-09 14:25:07 | 
================================================================================
2026-01-09 14:25:07 | Batch 53: 1765822765000 - 1765865965000
2026-01-09 14:25:07 | ================================================================================
2026-01-09 14:28:24 |   Fetched 1,544,330 events from events_ctf_exchange
2026-01-09 14:28:43 |   Fetched 297,576 events from events_neg_risk_exchange
2026-01-09 14:29:19 |   Fetched 743,772 events from events_conditional_tokens
2026-01-09 14:29:27 |   Filtered to: 1,838,878 trade events, 602,039 position events
2026-01-09 14:32:11 |   Inserted 515,126 settlement records, 50,881 unmatched position events
2026-01-09 14:32:11 | 
================================================================================
2026-01-09 14:32:11 | Batch 54: 1765865965000 - 1765909165000
2026-01-09 14:32:11 | ================================================================================
2026-01-09 14:35:46 |   Fetched 1,811,782 events from events_ctf_exchange
2026-01-09 14:35:49 |   Fetched 318,140 events from events_neg_risk_exchange
2026-01-09 14:36:07 |   Fetched 864,803 events from events_conditional_tokens
2026-01-09 14:36:17 |   Filtered to: 2,126,758 trade events, 720,389 position events
2026-01-09 14:39:30 |   Inserted 589,257 settlement records, 76,622 unmatched position events
2026-01-09 14:39:30 | 
================================================================================
2026-01-09 14:39:30 | Batch 55: 1765909165000 - 1765952365000
2026-01-09 14:39:30 | ================================================================================
2026-01-09 14:39:51 |   Fetched 1,571,371 events from events_ctf_exchange
2026-01-09 14:39:55 |   Fetched 290,145 events from events_neg_risk_exchange
2026-01-09 14:40:07 |   Fetched 771,923 events from events_conditional_tokens
2026-01-09 14:40:16 |   Filtered to: 1,859,152 trade events, 634,351 position events
2026-01-09 14:42:59 |   Inserted 516,285 settlement records, 66,671 unmatched position events
2026-01-09 14:42:59 | 
================================================================================
2026-01-09 14:42:59 | Batch 56: 1765952365000 - 1765995565000
2026-01-09 14:42:59 | ================================================================================
2026-01-09 14:43:18 |   Fetched 1,412,482 events from events_ctf_exchange
2026-01-09 14:43:19 |   Fetched 291,502 events from events_neg_risk_exchange
2026-01-09 14:43:32 |   Fetched 735,174 events from events_conditional_tokens
2026-01-09 14:43:40 |   Filtered to: 1,702,054 trade events, 577,370 position events
2026-01-09 14:46:07 |   Inserted 477,536 settlement records, 47,154 unmatched position events
2026-01-09 14:46:07 | 
================================================================================
2026-01-09 14:46:07 | Batch 57: 1765995565000 - 1766038765000
2026-01-09 14:46:07 | ================================================================================
2026-01-09 14:46:41 |   Fetched 1,209,581 events from events_ctf_exchange
2026-01-09 14:46:48 |   Fetched 239,701 events from events_neg_risk_exchange
2026-01-09 14:47:06 |   Fetched 580,031 events from events_conditional_tokens
2026-01-09 14:47:14 |   Filtered to: 1,447,114 trade events, 471,844 position events
2026-01-09 14:49:22 |   Inserted 407,735 settlement records, 36,894 unmatched position events
2026-01-09 14:49:22 | 
================================================================================
2026-01-09 14:49:22 | Batch 58: 1766038765000 - 1766081965000
2026-01-09 14:49:22 | ================================================================================
2026-01-09 14:52:31 |   Fetched 1,646,401 events from events_ctf_exchange
2026-01-09 14:52:51 |   Fetched 317,117 events from events_neg_risk_exchange
2026-01-09 14:53:29 |   Fetched 772,372 events from events_conditional_tokens
2026-01-09 14:53:37 |   Filtered to: 1,960,762 trade events, 660,585 position events
2026-01-09 14:56:24 |   Inserted 541,918 settlement records, 47,102 unmatched position events
2026-01-09 14:56:24 | 
================================================================================
2026-01-09 14:56:24 | Batch 59: 1766081965000 - 1766125165000
2026-01-09 14:56:24 | ================================================================================
2026-01-09 15:00:14 |   Fetched 1,676,275 events from events_ctf_exchange
2026-01-09 15:00:22 |   Fetched 243,381 events from events_neg_risk_exchange
2026-01-09 15:00:40 |   Fetched 761,976 events from events_conditional_tokens
2026-01-09 15:00:49 |   Filtered to: 1,917,292 trade events, 634,034 position events
2026-01-09 15:03:21 |   Inserted 539,175 settlement records, 44,887 unmatched position events
2026-01-09 15:03:21 | 
================================================================================
2026-01-09 15:03:21 | Batch 60: 1766125165000 - 1766168365000
2026-01-09 15:03:21 | ================================================================================
2026-01-09 15:10:00 |   Fetched 1,635,718 events from events_ctf_exchange
2026-01-09 15:10:03 |   Fetched 366,190 events from events_neg_risk_exchange
2026-01-09 15:10:15 |   Fetched 772,017 events from events_conditional_tokens
2026-01-09 15:10:24 |   Filtered to: 1,999,904 trade events, 660,361 position events
2026-01-09 15:13:26 |   Inserted 563,611 settlement records, 63,045 unmatched position events
2026-01-09 15:13:26 | 
================================================================================
2026-01-09 15:13:26 | Batch 61: 1766168365000 - 1766211565000
2026-01-09 15:13:26 | ================================================================================
2026-01-09 15:17:15 |   Fetched 1,337,601 events from events_ctf_exchange
2026-01-09 15:17:18 |   Fetched 340,758 events from events_neg_risk_exchange
2026-01-09 15:17:30 |   Fetched 690,987 events from events_conditional_tokens
2026-01-09 15:17:38 |   Filtered to: 1,675,135 trade events, 559,504 position events
2026-01-09 15:20:09 |   Inserted 474,110 settlement records, 37,378 unmatched position events
2026-01-09 15:20:09 | 
================================================================================
2026-01-09 15:20:09 | Batch 62: 1766211565000 - 1766254765000
2026-01-09 15:20:09 | ================================================================================
2026-01-09 15:20:24 |   Fetched 1,605,765 events from events_ctf_exchange
2026-01-09 15:20:26 |   Fetched 340,850 events from events_neg_risk_exchange
2026-01-09 15:20:45 |   Fetched 788,230 events from events_conditional_tokens
2026-01-09 15:20:54 |   Filtered to: 1,944,675 trade events, 664,433 position events
2026-01-09 15:23:40 |   Inserted 543,522 settlement records, 41,338 unmatched position events
2026-01-09 15:23:40 | 
================================================================================
2026-01-09 15:23:40 | Batch 63: 1766254765000 - 1766297965000
2026-01-09 15:23:40 | ================================================================================
2026-01-09 15:24:04 |   Fetched 1,636,866 events from events_ctf_exchange
2026-01-09 15:24:11 |   Fetched 242,536 events from events_neg_risk_exchange
2026-01-09 15:24:23 |   Fetched 796,109 events from events_conditional_tokens
2026-01-09 15:24:32 |   Filtered to: 1,877,112 trade events, 640,138 position events
2026-01-09 15:27:18 |   Inserted 522,488 settlement records, 54,446 unmatched position events
2026-01-09 15:27:18 | 
================================================================================
2026-01-09 15:27:18 | Batch 64: 1766297965000 - 1766341165000
2026-01-09 15:27:18 | ================================================================================
2026-01-09 15:27:38 |   Fetched 1,789,362 events from events_ctf_exchange
2026-01-09 15:27:45 |   Fetched 320,583 events from events_neg_risk_exchange
2026-01-09 15:28:02 |   Fetched 1,022,927 events from events_conditional_tokens
2026-01-09 15:28:12 |   Filtered to: 2,107,771 trade events, 802,073 position events
2026-01-09 15:31:36 |   Inserted 587,827 settlement records, 139,260 unmatched position events
2026-01-09 15:31:36 | 
================================================================================
2026-01-09 15:31:36 | Batch 65: 1766341165000 - 1766384365000
2026-01-09 15:31:36 | ================================================================================
2026-01-09 15:31:50 |   Fetched 1,681,483 events from events_ctf_exchange
2026-01-09 15:31:57 |   Fetched 223,340 events from events_neg_risk_exchange
2026-01-09 15:32:21 |   Fetched 983,916 events from events_conditional_tokens
2026-01-09 15:32:24 |   Filtered to: 1,902,975 trade events, 733,651 position events
2026-01-09 15:35:35 |   Inserted 533,026 settlement records, 135,487 unmatched position events
2026-01-09 15:35:35 | 
================================================================================
2026-01-09 15:35:35 | Batch 66: 1766384365000 - 1766427565000
2026-01-09 15:35:35 | ================================================================================
2026-01-09 15:36:02 |   Fetched 2,022,477 events from events_ctf_exchange
2026-01-09 15:36:04 |   Fetched 288,986 events from events_neg_risk_exchange
2026-01-09 15:36:26 |   Fetched 1,111,294 events from events_conditional_tokens
2026-01-09 15:36:37 |   Filtered to: 2,308,373 trade events, 877,676 position events
2026-01-09 15:40:23 |   Inserted 639,490 settlement records, 142,527 unmatched position events
2026-01-09 15:40:23 | 
================================================================================
2026-01-09 15:40:23 | Batch 67: 1766427565000 - 1766470765000
2026-01-09 15:40:23 | ================================================================================
2026-01-09 15:40:45 |   Fetched 1,753,283 events from events_ctf_exchange
2026-01-09 15:40:51 |   Fetched 220,611 events from events_neg_risk_exchange
2026-01-09 15:41:06 |   Fetched 1,023,410 events from events_conditional_tokens
2026-01-09 15:41:15 |   Filtered to: 1,971,660 trade events, 769,544 position events
2026-01-09 15:44:39 |   Inserted 547,907 settlement records, 140,185 unmatched position events
2026-01-09 15:44:39 | 
================================================================================
2026-01-09 15:44:39 | Batch 68: 1766470765000 - 1766513965000
2026-01-09 15:44:39 | ================================================================================
2026-01-09 15:44:55 |   Fetched 1,703,350 events from events_ctf_exchange
2026-01-09 15:44:59 |   Fetched 297,989 events from events_neg_risk_exchange
2026-01-09 15:45:19 |   Fetched 995,544 events from events_conditional_tokens
2026-01-09 15:45:28 |   Filtered to: 1,997,457 trade events, 776,692 position events
2026-01-09 15:48:55 |   Inserted 554,390 settlement records, 148,346 unmatched position events
2026-01-09 15:48:55 | 
================================================================================
2026-01-09 15:48:55 | Batch 69: 1766513965000 - 1766557165000
2026-01-09 15:48:55 | ================================================================================
2026-01-09 15:49:18 |   Fetched 1,656,457 events from events_ctf_exchange
2026-01-09 15:49:20 |   Fetched 263,695 events from events_neg_risk_exchange
2026-01-09 15:49:37 |   Fetched 1,001,227 events from events_conditional_tokens
2026-01-09 15:49:46 |   Filtered to: 1,918,208 trade events, 745,023 position events
2026-01-09 15:53:03 |   Inserted 535,123 settlement records, 142,592 unmatched position events
2026-01-09 15:53:03 | 
================================================================================
2026-01-09 15:53:03 | Batch 70: 1766557165000 - 1766600365000
2026-01-09 15:53:03 | ================================================================================
2026-01-09 15:53:24 |   Fetched 1,611,248 events from events_ctf_exchange
2026-01-09 15:53:31 |   Fetched 267,753 events from events_neg_risk_exchange
2026-01-09 15:53:40 |   Fetched 926,664 events from events_conditional_tokens
2026-01-09 15:53:49 |   Filtered to: 1,877,459 trade events, 721,962 position events
2026-01-09 15:56:52 |   Inserted 511,230 settlement records, 118,772 unmatched position events
2026-01-09 15:56:52 | 
================================================================================
2026-01-09 15:56:52 | Batch 71: 1766600365000 - 1766643565000
2026-01-09 15:56:52 | ================================================================================
2026-01-09 15:57:20 |   Fetched 1,475,937 events from events_ctf_exchange
2026-01-09 15:57:23 |   Fetched 210,880 events from events_neg_risk_exchange
2026-01-09 15:57:34 |   Fetched 882,915 events from events_conditional_tokens
2026-01-09 15:57:42 |   Filtered to: 1,685,681 trade events, 677,070 position events
2026-01-09 16:00:24 |   Inserted 461,239 settlement records, 121,586 unmatched position events
2026-01-09 16:00:24 | 
================================================================================
2026-01-09 16:00:24 | Batch 72: 1766643565000 - 1766686765000
2026-01-09 16:00:24 | ================================================================================
2026-01-09 16:02:10 |   Fetched 1,480,450 events from events_ctf_exchange
2026-01-09 16:02:29 |   Fetched 238,587 events from events_neg_risk_exchange
2026-01-09 16:03:20 |   Fetched 850,672 events from events_conditional_tokens
2026-01-09 16:03:28 |   Filtered to: 1,717,417 trade events, 672,021 position events
2026-01-09 16:06:31 |   Inserted 473,416 settlement records, 120,172 unmatched position events
2026-01-09 16:06:31 | 
================================================================================
2026-01-09 16:06:31 | Batch 73: 1766686765000 - 1766729965000
2026-01-09 16:06:31 | ================================================================================
2026-01-09 16:07:14 |   Fetched 1,617,966 events from events_ctf_exchange
2026-01-09 16:07:17 |   Fetched 250,868 events from events_neg_risk_exchange
2026-01-09 16:08:03 |   Fetched 935,003 events from events_conditional_tokens
2026-01-09 16:08:13 |   Filtered to: 1,867,642 trade events, 720,414 position events
2026-01-09 16:11:38 |   Inserted 517,195 settlement records, 121,106 unmatched position events
2026-01-09 16:11:38 | 
================================================================================
2026-01-09 16:11:38 | Batch 74: 1766729965000 - 1766773165000
2026-01-09 16:11:38 | ================================================================================
2026-01-09 16:15:06 |   Fetched 1,724,162 events from events_ctf_exchange
2026-01-09 16:15:37 |   Fetched 348,906 events from events_neg_risk_exchange
2026-01-09 16:16:23 |   Fetched 991,738 events from events_conditional_tokens
2026-01-09 16:16:33 |   Filtered to: 2,070,738 trade events, 791,763 position events
2026-01-09 16:20:02 |   Inserted 574,364 settlement records, 132,114 unmatched position events
2026-01-09 16:20:02 | 
================================================================================
2026-01-09 16:20:02 | Batch 75: 1766773165000 - 1766816365000
2026-01-09 16:20:02 | ================================================================================
2026-01-09 16:23:27 |   Fetched 1,516,440 events from events_ctf_exchange
2026-01-09 16:23:54 |   Fetched 281,976 events from events_neg_risk_exchange
2026-01-09 16:24:27 |   Fetched 979,881 events from events_conditional_tokens
2026-01-09 16:24:36 |   Filtered to: 1,795,610 trade events, 739,340 position events
2026-01-09 16:27:49 |   Inserted 496,171 settlement records, 145,551 unmatched position events
2026-01-09 16:27:49 | 
================================================================================
2026-01-09 16:27:49 | Batch 76: 1766816365000 - 1766859565000
2026-01-09 16:27:49 | ================================================================================
2026-01-09 16:28:13 |   Fetched 1,637,404 events from events_ctf_exchange
2026-01-09 16:28:41 |   Fetched 366,941 events from events_neg_risk_exchange
2026-01-09 16:29:03 |   Fetched 1,051,425 events from events_conditional_tokens
2026-01-09 16:29:13 |   Filtered to: 2,002,143 trade events, 814,407 position events
2026-01-09 16:32:52 |   Inserted 555,012 settlement records, 150,393 unmatched position events
2026-01-09 16:32:52 | 
================================================================================
2026-01-09 16:32:52 | Batch 77: 1766859565000 - 1766902765000
2026-01-09 16:32:52 | ================================================================================
2026-01-09 16:33:05 |   Fetched 1,464,257 events from events_ctf_exchange
2026-01-09 16:33:13 |   Fetched 215,627 events from events_neg_risk_exchange
2026-01-09 16:33:39 |   Fetched 959,164 events from events_conditional_tokens
2026-01-09 16:33:47 |   Filtered to: 1,678,366 trade events, 706,778 position events
2026-01-09 16:36:59 |   Inserted 462,436 settlement records, 141,163 unmatched position events
2026-01-09 16:36:59 | 
================================================================================
2026-01-09 16:36:59 | Batch 78: 1766902765000 - 1766945965000
2026-01-09 16:36:59 | ================================================================================
2026-01-09 16:37:24 |   Fetched 1,804,258 events from events_ctf_exchange
2026-01-09 16:37:34 |   Fetched 337,287 events from events_neg_risk_exchange
2026-01-09 16:37:47 |   Fetched 1,111,658 events from events_conditional_tokens
2026-01-09 16:38:03 |   Filtered to: 2,139,191 trade events, 874,687 position events
2026-01-09 16:41:40 |   Inserted 578,880 settlement records, 148,577 unmatched position events
2026-01-09 16:41:40 | 
================================================================================
2026-01-09 16:41:40 | Batch 79: 1766945965000 - 1766989165000
2026-01-09 16:41:40 | ================================================================================
2026-01-09 16:43:19 |   Fetched 1,824,066 events from events_ctf_exchange
2026-01-09 16:43:57 |   Fetched 318,878 events from events_neg_risk_exchange
2026-01-09 16:45:18 |   Fetched 1,142,390 events from events_conditional_tokens
2026-01-09 16:45:28 |   Filtered to: 2,140,916 trade events, 857,120 position events
2026-01-09 16:49:26 |   Inserted 584,911 settlement records, 154,182 unmatched position events
2026-01-09 16:49:26 | 
================================================================================
2026-01-09 16:49:26 | Batch 80: 1766989165000 - 1767032365000
2026-01-09 16:49:26 | ================================================================================
2026-01-09 16:54:08 |   Fetched 1,999,515 events from events_ctf_exchange
2026-01-09 16:54:44 |   Fetched 393,427 events from events_neg_risk_exchange
2026-01-09 16:55:49 |   Fetched 1,174,907 events from events_conditional_tokens
2026-01-09 16:56:00 |   Filtered to: 2,390,586 trade events, 932,397 position events
2026-01-09 17:00:19 |   Inserted 649,543 settlement records, 161,081 unmatched position events
2026-01-09 17:00:19 | 
================================================================================
2026-01-09 17:00:19 | Batch 81: 1767032365000 - 1767075565000
2026-01-09 17:00:19 | ================================================================================
2026-01-09 17:07:15 |   Fetched 1,875,900 events from events_ctf_exchange
2026-01-09 17:07:26 |   Fetched 341,775 events from events_neg_risk_exchange
2026-01-09 17:08:16 |   Fetched 1,126,721 events from events_conditional_tokens
2026-01-09 17:08:26 |   Filtered to: 2,214,647 trade events, 864,605 position events
2026-01-09 17:12:36 |   Inserted 613,055 settlement records, 159,462 unmatched position events
2026-01-09 17:12:36 | 
================================================================================
2026-01-09 17:12:36 | Batch 82: 1767075565000 - 1767118765000
2026-01-09 17:12:36 | ================================================================================
2026-01-09 17:16:40 |   Fetched 1,992,736 events from events_ctf_exchange
2026-01-09 17:17:03 |   Fetched 460,573 events from events_neg_risk_exchange
2026-01-09 17:17:28 |   Fetched 1,234,766 events from events_conditional_tokens
2026-01-09 17:17:39 |   Filtered to: 2,450,551 trade events, 986,476 position events
2026-01-09 17:22:23 |   Inserted 667,847 settlement records, 180,870 unmatched position events
2026-01-09 17:22:23 | 
================================================================================
2026-01-09 17:22:23 | Batch 83: 1767118765000 - 1767161965000
2026-01-09 17:22:23 | ================================================================================
2026-01-09 17:23:00 |   Fetched 1,735,884 events from events_ctf_exchange
2026-01-09 17:23:10 |   Fetched 260,674 events from events_neg_risk_exchange
2026-01-09 17:23:33 |   Fetched 1,039,962 events from events_conditional_tokens
2026-01-09 17:23:43 |   Filtered to: 1,994,834 trade events, 793,390 position events
2026-01-09 17:27:26 |   Inserted 545,752 settlement records, 137,588 unmatched position events
2026-01-09 17:27:26 | 
================================================================================
2026-01-09 17:27:26 | Batch 84: 1767161965000 - 1767205165000
2026-01-09 17:27:26 | ================================================================================
2026-01-09 17:27:57 |   Fetched 2,080,438 events from events_ctf_exchange
2026-01-09 17:28:06 |   Fetched 312,747 events from events_neg_risk_exchange
2026-01-09 17:28:26 |   Fetched 1,172,281 events from events_conditional_tokens
2026-01-09 17:28:37 |   Filtered to: 2,391,177 trade events, 937,572 position events
2026-01-09 17:33:05 |   Inserted 650,465 settlement records, 156,189 unmatched position events
2026-01-09 17:33:05 | 
================================================================================
2026-01-09 17:33:05 | Batch 85: 1767205165000 - 1767248365000
2026-01-09 17:33:05 | ================================================================================
2026-01-09 17:33:29 |   Fetched 1,611,212 events from events_ctf_exchange
2026-01-09 17:33:31 |   Fetched 219,945 events from events_neg_risk_exchange
2026-01-09 17:33:44 |   Fetched 1,047,340 events from events_conditional_tokens
2026-01-09 17:33:53 |   Filtered to: 1,829,859 trade events, 750,412 position events
2026-01-09 17:37:30 |   Inserted 486,183 settlement records, 134,460 unmatched position events
2026-01-09 17:37:30 | 
================================================================================
2026-01-09 17:37:30 | Batch 86: 1767248365000 - 1767291565000
2026-01-09 17:37:30 | ================================================================================
2026-01-09 17:44:32 |   Fetched 1,864,083 events from events_ctf_exchange
2026-01-09 17:45:25 |   Fetched 368,697 events from events_neg_risk_exchange
2026-01-09 17:46:29 |   Fetched 1,041,940 events from events_conditional_tokens
2026-01-09 17:46:39 |   Filtered to: 2,230,754 trade events, 814,010 position events
2026-01-09 17:50:37 |   Inserted 601,920 settlement records, 72,355 unmatched position events
2026-01-09 17:50:37 | 
================================================================================
2026-01-09 17:50:37 | Batch 87: 1767291565000 - 1767334765000
2026-01-09 17:50:37 | ================================================================================
2026-01-09 17:57:27 |   Fetched 1,974,223 events from events_ctf_exchange
2026-01-09 17:57:54 |   Fetched 292,947 events from events_neg_risk_exchange
2026-01-09 17:58:34 |   Fetched 1,004,763 events from events_conditional_tokens
2026-01-09 17:58:45 |   Filtered to: 2,265,618 trade events, 809,006 position events
2026-01-09 18:02:43 |   Inserted 619,633 settlement records, 67,361 unmatched position events
2026-01-09 18:02:43 | 
================================================================================
2026-01-09 18:02:43 | Batch 88: 1767334765000 - 1767377965000
2026-01-09 18:02:43 | ================================================================================
2026-01-09 18:03:40 |   Fetched 2,455,524 events from events_ctf_exchange
2026-01-09 18:04:28 |   Fetched 451,072 events from events_neg_risk_exchange
2026-01-09 18:05:07 |   Fetched 1,391,458 events from events_conditional_tokens
2026-01-09 18:05:20 |   Filtered to: 2,902,778 trade events, 1,127,160 position events
2026-01-09 18:11:22 |   Inserted 791,303 settlement records, 180,238 unmatched position events
2026-01-09 18:11:22 | 
================================================================================
2026-01-09 18:11:22 | Batch 89: 1767377965000 - 1767421165000
2026-01-09 18:11:22 | ================================================================================
2026-01-09 18:12:19 |   Fetched 2,064,435 events from events_ctf_exchange
2026-01-09 18:12:53 |   Fetched 368,415 events from events_neg_risk_exchange
2026-01-09 18:13:18 |   Fetched 1,238,684 events from events_conditional_tokens
2026-01-09 18:13:30 |   Filtered to: 2,428,846 trade events, 942,932 position events
2026-01-09 18:18:49 |   Inserted 661,968 settlement records, 167,479 unmatched position events
2026-01-09 18:18:49 | 
================================================================================
2026-01-09 18:18:49 | Batch 90: 1767421165000 - 1767464365000
2026-01-09 18:18:49 | ================================================================================
2026-01-09 18:19:28 |   Fetched 2,039,800 events from events_ctf_exchange
2026-01-09 18:19:52 |   Fetched 473,783 events from events_neg_risk_exchange
2026-01-09 18:20:13 |   Fetched 1,265,985 events from events_conditional_tokens
2026-01-09 18:20:25 |   Filtered to: 2,510,570 trade events, 986,474 position events
2026-01-09 18:25:54 |   Inserted 681,932 settlement records, 179,819 unmatched position events
2026-01-09 18:25:54 | 
================================================================================
2026-01-09 18:25:54 | Batch 91: 1767464365000 - 1767507565000
2026-01-09 18:25:54 | ================================================================================
2026-01-09 18:31:28 |   Fetched 2,211,591 events from events_ctf_exchange
2026-01-09 18:33:18 |   Fetched 333,810 events from events_neg_risk_exchange
2026-01-09 18:34:41 |   Fetched 1,260,326 events from events_conditional_tokens
2026-01-09 18:34:53 |   Filtered to: 2,542,709 trade events, 962,381 position events
2026-01-09 18:40:28 |   Inserted 696,261 settlement records, 170,970 unmatched position events
2026-01-09 18:40:28 | 
================================================================================
2026-01-09 18:40:28 | Batch 92: 1767507565000 - 1767550765000
2026-01-09 18:40:28 | ================================================================================
2026-01-09 18:49:23 |   Fetched 2,138,133 events from events_ctf_exchange
2026-01-09 18:53:51 |   Fetched 445,728 events from events_neg_risk_exchange
2026-01-09 18:54:38 |   Fetched 1,221,372 events from events_conditional_tokens
2026-01-09 18:54:50 |   Filtered to: 2,580,105 trade events, 959,898 position events
2026-01-09 19:00:34 |   Inserted 708,993 settlement records, 162,690 unmatched position events
2026-01-09 19:00:34 | 
================================================================================
2026-01-09 19:00:34 | Batch 93: 1767550765000 - 1767593965000
2026-01-09 19:00:34 | ================================================================================
2026-01-09 19:02:11 |   Fetched 2,574,007 events from events_ctf_exchange
2026-01-09 19:05:56 |   Fetched 346,579 events from events_neg_risk_exchange
2026-01-09 19:06:30 |   Fetched 1,261,179 events from events_conditional_tokens
2026-01-09 19:06:43 |   Filtered to: 2,918,762 trade events, 1,005,693 position events
2026-01-09 19:13:02 |   Inserted 804,212 settlement records, 129,197 unmatched position events
2026-01-09 19:13:02 | 
================================================================================
2026-01-09 19:13:02 | Batch 94: 1767593965000 - 1767637165000
2026-01-09 19:13:02 | ================================================================================
2026-01-09 19:14:11 |   Fetched 2,798,536 events from events_ctf_exchange
2026-01-09 19:17:46 |   Fetched 407,890 events from events_neg_risk_exchange
2026-01-09 19:18:10 |   Fetched 1,437,555 events from events_conditional_tokens
2026-01-09 19:18:23 |   Filtered to: 3,203,284 trade events, 1,154,132 position events
2026-01-09 19:24:49 |   Inserted 872,920 settlement records, 155,982 unmatched position events
2026-01-09 19:24:49 | 
================================================================================
2026-01-09 19:24:49 | Batch 95: 1767637165000 - 1767680365000
2026-01-09 19:24:49 | ================================================================================
2026-01-09 19:25:58 |   Fetched 2,706,635 events from events_ctf_exchange
2026-01-09 19:27:16 |   Fetched 280,730 events from events_neg_risk_exchange
2026-01-09 19:27:36 |   Fetched 1,305,975 events from events_conditional_tokens
2026-01-09 19:27:50 |   Filtered to: 2,984,387 trade events, 1,061,259 position events
2026-01-09 19:33:35 |   Inserted 809,370 settlement records, 102,364 unmatched position events
2026-01-09 19:33:35 | 
================================================================================
2026-01-09 19:33:35 | Batch 96: 1767680365000 - 1767723565000
2026-01-09 19:33:35 | ================================================================================
2026-01-09 19:35:09 |   Fetched 3,030,393 events from events_ctf_exchange
2026-01-09 19:35:33 |   Fetched 471,712 events from events_neg_risk_exchange
2026-01-09 19:35:58 |   Fetched 1,377,264 events from events_conditional_tokens
2026-01-09 19:36:12 |   Filtered to: 3,498,770 trade events, 1,194,653 position events
2026-01-09 19:42:18 |   Inserted 953,520 settlement records, 86,142 unmatched position events
2026-01-09 19:42:18 | 
================================================================================
2026-01-09 19:42:18 | Batch 97: 1767723565000 - 1767766765000
2026-01-09 19:42:18 | ================================================================================
2026-01-09 19:45:19 |   Fetched 3,107,827 events from events_ctf_exchange
2026-01-09 19:45:21 |   Fetched 285,499 events from events_neg_risk_exchange
2026-01-09 19:45:39 |   Fetched 1,159,009 events from events_conditional_tokens
2026-01-09 19:45:53 |   Filtered to: 2,548,500 trade events, 914,414 position events
2026-01-09 19:50:55 |   Inserted 698,584 settlement records, 112,218 unmatched position events
2026-01-09 19:50:55 | 
================================================================================
2026-01-09 19:50:55 | Batch 98: 1767766765000 - 1767809965000
2026-01-09 19:50:55 | ================================================================================
2026-01-09 19:52:16 |   Fetched 3,707,207 events from events_ctf_exchange
2026-01-09 19:52:24 |   Fetched 544,107 events from events_neg_risk_exchange
2026-01-09 19:53:25 |   Fetched 1,419,762 events from events_conditional_tokens
2026-01-09 19:53:40 |   Filtered to: 3,007,299 trade events, 1,143,395 position events
2026-01-09 20:00:05 |   Inserted 816,180 settlement records, 180,320 unmatched position events
2026-01-09 20:00:05 | 
================================================================================
2026-01-09 20:00:05 | Batch 99: 1767809965000 - 1767842385000
2026-01-09 20:00:05 | ================================================================================
2026-01-09 20:00:24 |   Fetched 2,836,678 events from events_ctf_exchange
2026-01-09 20:00:31 |   Fetched 231,241 events from events_neg_risk_exchange
2026-01-09 20:01:55 |   Fetched 1,069,188 events from events_conditional_tokens
2026-01-09 20:02:09 |   Filtered to: 2,200,736 trade events, 840,359 position events
2026-01-09 20:07:24 |   Inserted 606,211 settlement records, 126,526 unmatched position events
2026-01-09 20:07:24 | 
================================================================================
2026-01-09 20:07:24 | ✅ COMPLETE: Inserted 48,521,696 settlement records, 10,400,693 unmatched position events
2026-01-09 20:07:24 | ================================================================================
