
================================================================================
RAW MESSAGES FOR asset_id: 83247781037352156539...
================================================================================

--- Message 1 ---
Timestamp: 1767864286920000
DB Asset ID:      83247781037352156539108067944461291821683755894607244160607042790356561625563
Message Asset ID: 65139230827417363158752884968303867495725894165574887635816574090175320800482
⚠️  MISMATCH!
Bids: [0.01, 0.02, 0.03, 0.04, 0.05]...
Max Bid: 0.21
Asks: [0.99, 0.98, 0.97, 0.96, 0.94]...
Min Ask: 0.22
Last Trade Price: 0.780

--- Message 2 ---
Timestamp: 1767864286920000
DB Asset ID:      83247781037352156539108067944461291821683755894607244160607042790356561625563
Message Asset ID: 17371217118862125782438074585166210555214661810823929795910191856905580975576
⚠️  MISMATCH!
Bids: [0.01, 0.02, 0.03, 0.04, 0.06]...
Max Bid: 0.78
Asks: [0.99, 0.98, 0.97, 0.96, 0.95]...
Min Ask: 0.79
Last Trade Price: 0.780

--- Message 3 ---
Timestamp: 1767864286920000
DB Asset ID:      83247781037352156539108067944461291821683755894607244160607042790356561625563
Message Asset ID: 65139230827417363158752884968303867495725894165574887635816574090175320800482
⚠️  MISMATCH!
Bids: [0.01, 0.02, 0.03, 0.04, 0.05]...
Max Bid: 0.21
Asks: [0.99, 0.98, 0.97, 0.96, 0.94]...
Min Ask: 0.22
Last Trade Price: 0.780

--- Message 4 ---
Timestamp: 1767864286920000
DB Asset ID:      83247781037352156539108067944461291821683755894607244160607042790356561625563
Message Asset ID: 17371217118862125782438074585166210555214661810823929795910191856905580975576
⚠️  MISMATCH!
Bids: [0.01, 0.02, 0.03, 0.04, 0.06]...
Max Bid: 0.78
Asks: [0.99, 0.98, 0.97, 0.96, 0.95]...
Min Ask: 0.79
Last Trade Price: 0.780

--- Message 5 ---
Timestamp: 1767864286920000
DB Asset ID:      83247781037352156539108067944461291821683755894607244160607042790356561625563
Message Asset ID: 17371217118862125782438074585166210555214661810823929795910191856905580975576
⚠️  MISMATCH!
Bids: [0.01, 0.02, 0.03, 0.04, 0.06]...
Max Bid: 0.78
Asks: [0.99, 0.98, 0.97, 0.96, 0.95]...
Min Ask: 0.79
Last Trade Price: 0.780

================================================================================
RAW MESSAGES FOR asset_id: 65139230827417363158...
================================================================================

--- Message 1 ---
Timestamp: 1767864286920000
DB Asset ID:      65139230827417363158752884968303867495725894165574887635816574090175320800482
Message Asset ID: 65139230827417363158752884968303867495725894165574887635816574090175320800482
Bids: [0.01, 0.02, 0.03, 0.04, 0.05]...
Max Bid: 0.21
Asks: [0.99, 0.98, 0.97, 0.96, 0.94]...
Min Ask: 0.22
Last Trade Price: 0.780

--- Message 2 ---
Timestamp: 1767864286920000
DB Asset ID:      65139230827417363158752884968303867495725894165574887635816574090175320800482
Message Asset ID: 17371217118862125782438074585166210555214661810823929795910191856905580975576
⚠️  MISMATCH!
Bids: [0.01, 0.02, 0.03, 0.04, 0.06]...
Max Bid: 0.78
Asks: [0.99, 0.98, 0.97, 0.96, 0.95]...
Min Ask: 0.79
Last Trade Price: 0.780

--- Message 3 ---
Timestamp: 1767864286920000
DB Asset ID:      65139230827417363158752884968303867495725894165574887635816574090175320800482
Message Asset ID: 17371217118862125782438074585166210555214661810823929795910191856905580975576
⚠️  MISMATCH!
Bids: [0.01, 0.02, 0.03, 0.04, 0.06]...
Max Bid: 0.78
Asks: [0.99, 0.98, 0.97, 0.96, 0.95]...
Min Ask: 0.79
Last Trade Price: 0.780

--- Message 4 ---
Timestamp: 1767864286920000
DB Asset ID:      65139230827417363158752884968303867495725894165574887635816574090175320800482
Message Asset ID: 65139230827417363158752884968303867495725894165574887635816574090175320800482
Bids: [0.01, 0.02, 0.03, 0.04, 0.05]...
Max Bid: 0.21
Asks: [0.99, 0.98, 0.97, 0.96, 0.94]...
Min Ask: 0.22
Last Trade Price: 0.780

--- Message 5 ---
Timestamp: 1767864286920000
DB Asset ID:      65139230827417363158752884968303867495725894165574887635816574090175320800482
Message Asset ID: 17371217118862125782438074585166210555214661810823929795910191856905580975576
⚠️  MISMATCH!
Bids: [0.01, 0.02, 0.03, 0.04, 0.06]...
Max Bid: 0.78
Asks: [0.99, 0.98, 0.97, 0.96, 0.95]...
Min Ask: 0.79
Last Trade Price: 0.780
