2026-02-06 21:24:38 | Searching for transaction starting with 0xe9f6bb3db6a38a...
2026-02-06 21:24:38 | Block range: 79172085 - 79222085
2026-02-06 21:24:38 | 
Found: 0xe9f6bb3db6a38ab5b7710e6e0605825dd019bad5efdbc2d760fe5fd6a09aaae2
2026-02-06 21:24:38 | Settlement type: merge
2026-02-06 21:24:38 | Block: 79173022
2026-02-06 21:24:38 | 
DECODED EVENTS:
2026-02-06 21:24:38 | 
[0] MAKER OrderFilled:
2026-02-06 21:24:38 |   Maker: 0x6480542954b70a674a74bd1a6015dec362dc8dc5
2026-02-06 21:24:38 |   Taker: 0xd4f584f55021df46a69f8bc8c6af2d18981fe5e7
2026-02-06 21:24:38 |   makerAssetId: 0
2026-02-06 21:24:38 |   takerAssetId: 99371477364118715829498691740770919680499777875834687060462344723895082666438
2026-02-06 21:24:38 |   making: 1,449,809,660
2026-02-06 21:24:38 |   taking: 724,904,830,000
2026-02-06 21:24:38 |   fee: 0
2026-02-06 21:24:38 | 
[1] MAKER OrderFilled:
2026-02-06 21:24:38 |   Maker: 0x74eea0ea290785204bed3e8a57b16871ebcc9aba
2026-02-06 21:24:38 |   Taker: 0xd4f584f55021df46a69f8bc8c6af2d18981fe5e7
2026-02-06 21:24:38 |   makerAssetId: 0
2026-02-06 21:24:38 |   takerAssetId: 99371477364118715829498691740770919680499777875834687060462344723895082666438
2026-02-06 21:24:38 |   making: 40,000,000
2026-02-06 21:24:38 |   taking: 20,000,000,000
2026-02-06 21:24:38 |   fee: 0
2026-02-06 21:24:38 | 
[2] MAKER OrderFilled:
2026-02-06 21:24:38 |   Maker: 0x74eea0ea290785204bed3e8a57b16871ebcc9aba
2026-02-06 21:24:38 |   Taker: 0xd4f584f55021df46a69f8bc8c6af2d18981fe5e7
2026-02-06 21:24:38 |   makerAssetId: 0
2026-02-06 21:24:38 |   takerAssetId: 99371477364118715829498691740770919680499777875834687060462344723895082666438
2026-02-06 21:24:38 |   making: 20,000,000
2026-02-06 21:24:38 |   taking: 10,000,000,000
2026-02-06 21:24:38 |   fee: 0
2026-02-06 21:24:38 | 
[3] MAKER OrderFilled:
2026-02-06 21:24:38 |   Maker: 0x5aedd8fb09c5f71c54281546815d4700d9f6e7bb
2026-02-06 21:24:38 |   Taker: 0xd4f584f55021df46a69f8bc8c6af2d18981fe5e7
2026-02-06 21:24:38 |   makerAssetId: 0
2026-02-06 21:24:38 |   takerAssetId: 99371477364118715829498691740770919680499777875834687060462344723895082666438
2026-02-06 21:24:38 |   making: 40,000,000
2026-02-06 21:24:38 |   taking: 20,000,000,000
2026-02-06 21:24:38 |   fee: 0
2026-02-06 21:24:38 | 
[4] MAKER OrderFilled:
2026-02-06 21:24:38 |   Maker: 0xbefa95c276ee8ef6ff3ef43d1c1c454f52bc300d
2026-02-06 21:24:38 |   Taker: 0xd4f584f55021df46a69f8bc8c6af2d18981fe5e7
2026-02-06 21:24:38 |   makerAssetId: 0
2026-02-06 21:24:38 |   takerAssetId: 99371477364118715829498691740770919680499777875834687060462344723895082666438
2026-02-06 21:24:38 |   making: 102,000,000
2026-02-06 21:24:38 |   taking: 51,000,000,000
2026-02-06 21:24:38 |   fee: 0
2026-02-06 21:24:38 | 
[5] MAKER OrderFilled:
2026-02-06 21:24:38 |   Maker: 0xd81431e96b2dc36863c2064d38a14a603d1a7f65
2026-02-06 21:24:38 |   Taker: 0xd4f584f55021df46a69f8bc8c6af2d18981fe5e7
2026-02-06 21:24:38 |   makerAssetId: 0
2026-02-06 21:24:38 |   takerAssetId: 99371477364118715829498691740770919680499777875834687060462344723895082666438
2026-02-06 21:24:38 |   making: 300,000,000
2026-02-06 21:24:38 |   taking: 150,000,000,000
2026-02-06 21:24:38 |   fee: 0
2026-02-06 21:24:38 | 
[6] MAKER OrderFilled:
2026-02-06 21:24:38 |   Maker: 0x39258637aad816d9e22a66da1fca2b6623a1c094
2026-02-06 21:24:38 |   Taker: 0xd4f584f55021df46a69f8bc8c6af2d18981fe5e7
2026-02-06 21:24:38 |   makerAssetId: 0
2026-02-06 21:24:38 |   takerAssetId: 99371477364118715829498691740770919680499777875834687060462344723895082666438
2026-02-06 21:24:38 |   making: 60,000,000
2026-02-06 21:24:38 |   taking: 30,000,000,000
2026-02-06 21:24:38 |   fee: 0
2026-02-06 21:24:38 | 
[7] MAKER OrderFilled:
2026-02-06 21:24:38 |   Maker: 0x8182e3e88c6b1b337be028f8b06ee4b859e23732
2026-02-06 21:24:38 |   Taker: 0xd4f584f55021df46a69f8bc8c6af2d18981fe5e7
2026-02-06 21:24:38 |   makerAssetId: 0
2026-02-06 21:24:38 |   takerAssetId: 99371477364118715829498691740770919680499777875834687060462344723895082666438
2026-02-06 21:24:38 |   making: 20,000,000
2026-02-06 21:24:38 |   taking: 10,000,000,000
2026-02-06 21:24:38 |   fee: 0
2026-02-06 21:24:38 | 
[8] MAKER OrderFilled:
2026-02-06 21:24:38 |   Maker: 0xb194e98a248dc15cf28f79c4baf066808ed440e1
2026-02-06 21:24:38 |   Taker: 0xd4f584f55021df46a69f8bc8c6af2d18981fe5e7
2026-02-06 21:24:38 |   makerAssetId: 0
2026-02-06 21:24:38 |   takerAssetId: 99371477364118715829498691740770919680499777875834687060462344723895082666438
2026-02-06 21:24:38 |   making: 20,000,000
2026-02-06 21:24:38 |   taking: 10,000,000,000
2026-02-06 21:24:38 |   fee: 0
2026-02-06 21:24:38 | 
[9] MAKER OrderFilled:
2026-02-06 21:24:38 |   Maker: 0xe9599e8aeee1b0361d125a0efed03b7c43db7c7a
2026-02-06 21:24:38 |   Taker: 0xd4f584f55021df46a69f8bc8c6af2d18981fe5e7
2026-02-06 21:24:38 |   makerAssetId: 0
2026-02-06 21:24:38 |   takerAssetId: 99371477364118715829498691740770919680499777875834687060462344723895082666438
2026-02-06 21:24:38 |   making: 40,000,000
2026-02-06 21:24:38 |   taking: 20,000,000,000
2026-02-06 21:24:38 |   fee: 0
2026-02-06 21:24:38 | 
[10] MAKER OrderFilled:
2026-02-06 21:24:38 |   Maker: 0x6a13a9864a8e53c815cf1adb6026a0f35e3d4593
2026-02-06 21:24:38 |   Taker: 0xd4f584f55021df46a69f8bc8c6af2d18981fe5e7
2026-02-06 21:24:38 |   makerAssetId: 0
2026-02-06 21:24:38 |   takerAssetId: 99371477364118715829498691740770919680499777875834687060462344723895082666438
2026-02-06 21:24:38 |   making: 200,000,000
2026-02-06 21:24:38 |   taking: 100,000,000,000
2026-02-06 21:24:38 |   fee: 0
2026-02-06 21:24:38 | 
[11] MAKER OrderFilled:
2026-02-06 21:24:38 |   Maker: 0x74eea0ea290785204bed3e8a57b16871ebcc9aba
2026-02-06 21:24:38 |   Taker: 0xd4f584f55021df46a69f8bc8c6af2d18981fe5e7
2026-02-06 21:24:38 |   makerAssetId: 0
2026-02-06 21:24:38 |   takerAssetId: 99371477364118715829498691740770919680499777875834687060462344723895082666438
2026-02-06 21:24:38 |   making: 40,000,000
2026-02-06 21:24:38 |   taking: 20,000,000,000
2026-02-06 21:24:38 |   fee: 0
2026-02-06 21:24:38 | 
[12] MAKER OrderFilled:
2026-02-06 21:24:38 |   Maker: 0x41381426975f151e28005bf5b94e780281362a24
2026-02-06 21:24:38 |   Taker: 0xd4f584f55021df46a69f8bc8c6af2d18981fe5e7
2026-02-06 21:24:38 |   makerAssetId: 0
2026-02-06 21:24:38 |   takerAssetId: 99371477364118715829498691740770919680499777875834687060462344723895082666438
2026-02-06 21:24:38 |   making: 40,000,000
2026-02-06 21:24:38 |   taking: 20,000,000,000
2026-02-06 21:24:38 |   fee: 0
2026-02-06 21:24:38 | 
[13] MAKER OrderFilled:
2026-02-06 21:24:38 |   Maker: 0x051d5b6187d0626193923866017abb2d31f07679
2026-02-06 21:24:38 |   Taker: 0xd4f584f55021df46a69f8bc8c6af2d18981fe5e7
2026-02-06 21:24:38 |   makerAssetId: 47039714167570184338592167197459401330709244634936005339393110970969987795606
2026-02-06 21:24:38 |   takerAssetId: 0
2026-02-06 21:24:38 |   making: 81,996,900,000
2026-02-06 21:24:38 |   taking: 81,832,906,200
2026-02-06 21:24:38 |   fee: 0
2026-02-06 21:24:38 | 
[14] MAKER OrderFilled:
2026-02-06 21:24:38 |   Maker: 0x9629a08c47920ac531e01bfec40182fab629b148
2026-02-06 21:24:38 |   Taker: 0xd4f584f55021df46a69f8bc8c6af2d18981fe5e7
2026-02-06 21:24:38 |   makerAssetId: 0
2026-02-06 21:24:38 |   takerAssetId: 99371477364118715829498691740770919680499777875834687060462344723895082666438
2026-02-06 21:24:38 |   making: 1,214,000
2026-02-06 21:24:38 |   taking: 607,000,000
2026-02-06 21:24:38 |   fee: 0
2026-02-06 21:24:38 | 
[15] MAKER OrderFilled:
2026-02-06 21:24:38 |   Maker: 0x9629a08c47920ac531e01bfec40182fab629b148
2026-02-06 21:24:38 |   Taker: 0xd4f584f55021df46a69f8bc8c6af2d18981fe5e7
2026-02-06 21:24:38 |   makerAssetId: 0
2026-02-06 21:24:38 |   takerAssetId: 99371477364118715829498691740770919680499777875834687060462344723895082666438
2026-02-06 21:24:38 |   making: 1,214,000
2026-02-06 21:24:38 |   taking: 607,000,000
2026-02-06 21:24:38 |   fee: 0
2026-02-06 21:24:38 | 
[16] MAKER OrderFilled:
2026-02-06 21:24:38 |   Maker: 0x9629a08c47920ac531e01bfec40182fab629b148
2026-02-06 21:24:38 |   Taker: 0xd4f584f55021df46a69f8bc8c6af2d18981fe5e7
2026-02-06 21:24:38 |   makerAssetId: 0
2026-02-06 21:24:38 |   takerAssetId: 99371477364118715829498691740770919680499777875834687060462344723895082666438
2026-02-06 21:24:38 |   making: 1,214,000
2026-02-06 21:24:38 |   taking: 607,000,000
2026-02-06 21:24:38 |   fee: 0
2026-02-06 21:24:38 | 
[17] MAKER OrderFilled:
2026-02-06 21:24:38 |   Maker: 0x9629a08c47920ac531e01bfec40182fab629b148
2026-02-06 21:24:38 |   Taker: 0xd4f584f55021df46a69f8bc8c6af2d18981fe5e7
2026-02-06 21:24:38 |   makerAssetId: 0
2026-02-06 21:24:38 |   takerAssetId: 99371477364118715829498691740770919680499777875834687060462344723895082666438
2026-02-06 21:24:38 |   making: 1,214,000
2026-02-06 21:24:38 |   taking: 607,000,000
2026-02-06 21:24:38 |   fee: 0
2026-02-06 21:24:38 | 
[18] MAKER OrderFilled:
2026-02-06 21:24:38 |   Maker: 0x9629a08c47920ac531e01bfec40182fab629b148
2026-02-06 21:24:38 |   Taker: 0xd4f584f55021df46a69f8bc8c6af2d18981fe5e7
2026-02-06 21:24:38 |   makerAssetId: 0
2026-02-06 21:24:38 |   takerAssetId: 99371477364118715829498691740770919680499777875834687060462344723895082666438
2026-02-06 21:24:38 |   making: 1,214,000
2026-02-06 21:24:38 |   taking: 607,000,000
2026-02-06 21:24:38 |   fee: 0
2026-02-06 21:24:38 | 
[19] MAKER OrderFilled:
2026-02-06 21:24:38 |   Maker: 0x9629a08c47920ac531e01bfec40182fab629b148
2026-02-06 21:24:38 |   Taker: 0xd4f584f55021df46a69f8bc8c6af2d18981fe5e7
2026-02-06 21:24:38 |   makerAssetId: 0
2026-02-06 21:24:38 |   takerAssetId: 99371477364118715829498691740770919680499777875834687060462344723895082666438
2026-02-06 21:24:38 |   making: 1,214,000
2026-02-06 21:24:38 |   taking: 607,000,000
2026-02-06 21:24:38 |   fee: 0
2026-02-06 21:24:38 | 
[20] MAKER OrderFilled:
2026-02-06 21:24:38 |   Maker: 0x9629a08c47920ac531e01bfec40182fab629b148
2026-02-06 21:24:38 |   Taker: 0xd4f584f55021df46a69f8bc8c6af2d18981fe5e7
2026-02-06 21:24:38 |   makerAssetId: 0
2026-02-06 21:24:38 |   takerAssetId: 99371477364118715829498691740770919680499777875834687060462344723895082666438
2026-02-06 21:24:38 |   making: 1,214,000
2026-02-06 21:24:38 |   taking: 607,000,000
2026-02-06 21:24:38 |   fee: 0
2026-02-06 21:24:38 | 
[21] MAKER OrderFilled:
2026-02-06 21:24:38 |   Maker: 0x9629a08c47920ac531e01bfec40182fab629b148
2026-02-06 21:24:38 |   Taker: 0xd4f584f55021df46a69f8bc8c6af2d18981fe5e7
2026-02-06 21:24:38 |   makerAssetId: 0
2026-02-06 21:24:38 |   takerAssetId: 99371477364118715829498691740770919680499777875834687060462344723895082666438
2026-02-06 21:24:38 |   making: 1,214,000
2026-02-06 21:24:38 |   taking: 607,000,000
2026-02-06 21:24:38 |   fee: 0
2026-02-06 21:24:38 | 
[22] MAKER OrderFilled:
2026-02-06 21:24:38 |   Maker: 0x9629a08c47920ac531e01bfec40182fab629b148
2026-02-06 21:24:38 |   Taker: 0xd4f584f55021df46a69f8bc8c6af2d18981fe5e7
2026-02-06 21:24:38 |   makerAssetId: 0
2026-02-06 21:24:38 |   takerAssetId: 99371477364118715829498691740770919680499777875834687060462344723895082666438
2026-02-06 21:24:38 |   making: 1,214,000
2026-02-06 21:24:38 |   taking: 607,000,000
2026-02-06 21:24:38 |   fee: 0
2026-02-06 21:24:38 | 
[23] MAKER OrderFilled:
2026-02-06 21:24:38 |   Maker: 0x9629a08c47920ac531e01bfec40182fab629b148
2026-02-06 21:24:38 |   Taker: 0xd4f584f55021df46a69f8bc8c6af2d18981fe5e7
2026-02-06 21:24:38 |   makerAssetId: 0
2026-02-06 21:24:38 |   takerAssetId: 99371477364118715829498691740770919680499777875834687060462344723895082666438
2026-02-06 21:24:38 |   making: 1,214,000
2026-02-06 21:24:38 |   taking: 607,000,000
2026-02-06 21:24:38 |   fee: 0
2026-02-06 21:24:38 | 
[24] MAKER OrderFilled:
2026-02-06 21:24:38 |   Maker: 0x74eea0ea290785204bed3e8a57b16871ebcc9aba
2026-02-06 21:24:38 |   Taker: 0xd4f584f55021df46a69f8bc8c6af2d18981fe5e7
2026-02-06 21:24:38 |   makerAssetId: 0
2026-02-06 21:24:38 |   takerAssetId: 99371477364118715829498691740770919680499777875834687060462344723895082666438
2026-02-06 21:24:38 |   making: 52,055,980
2026-02-06 21:24:38 |   taking: 26,027,990,000
2026-02-06 21:24:38 |   fee: 0
2026-02-06 21:24:38 | 
[25] EXCHANGE OrderFilled:
2026-02-06 21:24:38 |   Maker: 0xd4f584f55021df46a69f8bc8c6af2d18981fe5e7
2026-02-06 21:24:38 |   Taker: 0xc5d563a36ae78145c45a50134d48a1215220f80a
2026-02-06 21:24:38 |   makerAssetId: 99371477364118715829498691740770919680499777875834687060462344723895082666438
2026-02-06 21:24:38 |   takerAssetId: 0
2026-02-06 21:24:38 |   making: 1,299,999,720,000
2026-02-06 21:24:38 |   taking: 2,599,999,440
2026-02-06 21:24:38 |   fee: 0
2026-02-06 21:24:38 | 
ANALYSIS:
2026-02-06 21:24:38 | Taker direction: SELLING
2026-02-06 21:24:38 | Exchange order size: 1300000 shares
2026-02-06 21:24:38 | Exchange making: 1,299,999,720,000 (raw)
2026-02-06 21:24:38 | Exchange taking: 2,599,999,440 (raw)
2026-02-06 21:24:38 | 
Maker fills: 25
2026-02-06 21:24:38 |   Maker 0: makerAssetId=0, making=1,449,809,660, taking=724,904,830,000
2026-02-06 21:24:38 |               Raw price: 0.002000, same_side=False
2026-02-06 21:24:38 |   Maker 1: makerAssetId=0, making=40,000,000, taking=20,000,000,000
2026-02-06 21:24:38 |               Raw price: 0.002000, same_side=False
2026-02-06 21:24:38 |   Maker 2: makerAssetId=0, making=20,000,000, taking=10,000,000,000
2026-02-06 21:24:38 |               Raw price: 0.002000, same_side=False
2026-02-06 21:24:38 |   Maker 3: makerAssetId=0, making=40,000,000, taking=20,000,000,000
2026-02-06 21:24:38 |               Raw price: 0.002000, same_side=False
2026-02-06 21:24:38 |   Maker 4: makerAssetId=0, making=102,000,000, taking=51,000,000,000
2026-02-06 21:24:38 |               Raw price: 0.002000, same_side=False
2026-02-06 21:24:38 |   Maker 5: makerAssetId=0, making=300,000,000, taking=150,000,000,000
2026-02-06 21:24:38 |               Raw price: 0.002000, same_side=False
2026-02-06 21:24:38 |   Maker 6: makerAssetId=0, making=60,000,000, taking=30,000,000,000
2026-02-06 21:24:38 |               Raw price: 0.002000, same_side=False
2026-02-06 21:24:38 |   Maker 7: makerAssetId=0, making=20,000,000, taking=10,000,000,000
2026-02-06 21:24:38 |               Raw price: 0.002000, same_side=False
2026-02-06 21:24:38 |   Maker 8: makerAssetId=0, making=20,000,000, taking=10,000,000,000
2026-02-06 21:24:38 |               Raw price: 0.002000, same_side=False
2026-02-06 21:24:38 |   Maker 9: makerAssetId=0, making=40,000,000, taking=20,000,000,000
2026-02-06 21:24:38 |               Raw price: 0.002000, same_side=False
2026-02-06 21:24:38 |   Maker 10: makerAssetId=0, making=200,000,000, taking=100,000,000,000
2026-02-06 21:24:38 |               Raw price: 0.002000, same_side=False
2026-02-06 21:24:38 |   Maker 11: makerAssetId=0, making=40,000,000, taking=20,000,000,000
2026-02-06 21:24:38 |               Raw price: 0.002000, same_side=False
2026-02-06 21:24:38 |   Maker 12: makerAssetId=0, making=40,000,000, taking=20,000,000,000
2026-02-06 21:24:38 |               Raw price: 0.002000, same_side=False
2026-02-06 21:24:38 |   Maker 13: makerAssetId=47039714167570184338592167197459401330709244634936005339393110970969987795606, making=81,996,900,000, taking=81,832,906,200
2026-02-06 21:24:38 |               Raw price: 0.002000, same_side=True
2026-02-06 21:24:38 |   Maker 14: makerAssetId=0, making=1,214,000, taking=607,000,000
2026-02-06 21:24:38 |               Raw price: 0.002000, same_side=False
2026-02-06 21:24:38 |   Maker 15: makerAssetId=0, making=1,214,000, taking=607,000,000
2026-02-06 21:24:38 |               Raw price: 0.002000, same_side=False
2026-02-06 21:24:38 |   Maker 16: makerAssetId=0, making=1,214,000, taking=607,000,000
2026-02-06 21:24:38 |               Raw price: 0.002000, same_side=False
2026-02-06 21:24:38 |   Maker 17: makerAssetId=0, making=1,214,000, taking=607,000,000
2026-02-06 21:24:38 |               Raw price: 0.002000, same_side=False
2026-02-06 21:24:38 |   Maker 18: makerAssetId=0, making=1,214,000, taking=607,000,000
2026-02-06 21:24:38 |               Raw price: 0.002000, same_side=False
2026-02-06 21:24:38 |   Maker 19: makerAssetId=0, making=1,214,000, taking=607,000,000
2026-02-06 21:24:38 |               Raw price: 0.002000, same_side=False
2026-02-06 21:24:38 |   Maker 20: makerAssetId=0, making=1,214,000, taking=607,000,000
2026-02-06 21:24:38 |               Raw price: 0.002000, same_side=False
2026-02-06 21:24:38 |   Maker 21: makerAssetId=0, making=1,214,000, taking=607,000,000
2026-02-06 21:24:38 |               Raw price: 0.002000, same_side=False
2026-02-06 21:24:38 |   Maker 22: makerAssetId=0, making=1,214,000, taking=607,000,000
2026-02-06 21:24:38 |               Raw price: 0.002000, same_side=False
2026-02-06 21:24:38 |   Maker 23: makerAssetId=0, making=1,214,000, taking=607,000,000
2026-02-06 21:24:38 |               Raw price: 0.002000, same_side=False
2026-02-06 21:24:38 |   Maker 24: makerAssetId=0, making=52,055,980, taking=26,027,990,000
2026-02-06 21:24:38 |               Raw price: 0.002000, same_side=False
2026-02-06 21:24:38 | 
Price comparison:
2026-02-06 21:24:38 |   Prices: ['0.002000', '0.002000', '0.002000', '0.002000', '0.002000', '0.002000', '0.002000', '0.002000', '0.002000', '0.002000', '0.002000', '0.002000', '0.002000', '0.002000', '0.002000', '0.002000', '0.002000', '0.002000', '0.002000', '0.002000', '0.002000', '0.002000', '0.002000', '0.002000', '0.002000']
2026-02-06 21:24:38 |   Best price: 0.002000 (MAX)
2026-02-06 21:24:38 | 
Slippage calculation:
2026-02-06 21:24:38 |   Amount shares: 1300000
2026-02-06 21:24:38 |   Actual cost: $2599.999440
2026-02-06 21:24:38 |   Expected cost (p_best × amount): $2599.999440
2026-02-06 21:24:38 |   Slippage: $0.000000
