nohup: ignoring input
[2025-12-03 10:06:50] --- INFO: Global Range: 79172085 (2025-11-18T07:00:01+00:00) -> 79783582 (2025-12-02T10:43:24+00:00)
[2025-12-03 10:06:50] --- INFO: Total Block Diff: 611497, Total Time Diff: 1223003s
[2025-12-03 10:06:50] --- START: Starting from MIN block: 79172085 ---
[2025-12-03 10:06:50] --- CHUNK: Processing 79172085 to 79177084 ---
[2025-12-03 10:12:41] --- BATCH SUCCESS: Updated 391,397 events in 351.21s.
[2025-12-03 10:12:41] --- PROGRESS: Block 79177084/79783582 (0.82%) ---
[2025-12-03 10:12:41] --- PERSISTENCE: Saved next start block: 79177085 ---
[2025-12-03 10:12:41] --- CHUNK: Processing 79177085 to 79182084 ---
[2025-12-03 10:17:08] --- BATCH SUCCESS: Updated 328,796 events in 266.90s.
[2025-12-03 10:17:08] --- PROGRESS: Block 79182084/79783582 (1.64%) ---
[2025-12-03 10:17:08] --- PERSISTENCE: Saved next start block: 79182085 ---
[2025-12-03 10:17:08] --- CHUNK: Processing 79182085 to 79187084 ---
[2025-12-03 10:22:39] --- BATCH SUCCESS: Updated 376,157 events in 331.61s.
[2025-12-03 10:22:39] --- PROGRESS: Block 79187084/79783582 (2.45%) ---
[2025-12-03 10:22:39] --- PERSISTENCE: Saved next start block: 79187085 ---
[2025-12-03 10:22:39] --- CHUNK: Processing 79187085 to 79192084 ---
[2025-12-03 10:28:26] --- BATCH SUCCESS: Updated 433,167 events in 346.16s.
[2025-12-03 10:28:26] --- PROGRESS: Block 79192084/79783582 (3.27%) ---
[2025-12-03 10:28:26] --- PERSISTENCE: Saved next start block: 79192085 ---
[2025-12-03 10:28:26] --- CHUNK: Processing 79192085 to 79197084 ---
[2025-12-03 10:34:39] --- BATCH SUCCESS: Updated 350,829 events in 373.17s.
[2025-12-03 10:34:39] --- PROGRESS: Block 79197084/79783582 (4.09%) ---
[2025-12-03 10:34:39] --- PERSISTENCE: Saved next start block: 79197085 ---
[2025-12-03 10:34:39] --- CHUNK: Processing 79197085 to 79202084 ---
[2025-12-03 10:38:54] --- BATCH SUCCESS: Updated 331,092 events in 255.29s.
[2025-12-03 10:38:54] --- PROGRESS: Block 79202084/79783582 (4.91%) ---
[2025-12-03 10:38:54] --- PERSISTENCE: Saved next start block: 79202085 ---
[2025-12-03 10:38:54] --- CHUNK: Processing 79202085 to 79207084 ---
[2025-12-03 10:43:23] --- BATCH SUCCESS: Updated 339,073 events in 269.17s.
[2025-12-03 10:43:23] --- PROGRESS: Block 79207084/79783582 (5.72%) ---
[2025-12-03 10:43:23] --- PERSISTENCE: Saved next start block: 79207085 ---
[2025-12-03 10:43:23] --- CHUNK: Processing 79207085 to 79212084 ---
[2025-12-03 10:48:13] --- BATCH SUCCESS: Updated 352,945 events in 290.02s.
[2025-12-03 10:48:13] --- PROGRESS: Block 79212084/79783582 (6.54%) ---
[2025-12-03 10:48:13] --- PERSISTENCE: Saved next start block: 79212085 ---
[2025-12-03 10:48:13] --- CHUNK: Processing 79212085 to 79217084 ---
[2025-12-03 10:53:14] --- BATCH SUCCESS: Updated 363,457 events in 300.72s.
[2025-12-03 10:53:14] --- PROGRESS: Block 79217084/79783582 (7.36%) ---
[2025-12-03 10:53:14] --- PERSISTENCE: Saved next start block: 79217085 ---
[2025-12-03 10:53:14] --- CHUNK: Processing 79217085 to 79222084 ---
