nohup: ignoring input
[2025-12-03 11:40:18] --- INFO: Global Range: 79172085 (2025-11-18T07:00:01+00:00) -> 79783582 (2025-12-02T10:43:24+00:00)
[2025-12-03 11:40:18] --- INFO: Total Block Diff: 611497, Total Time Diff: 1223003s
[2025-12-03 11:40:18] --- RESUME: Resuming from block: 79178808 ---
[2025-12-03 11:40:18] --- CHUNK: Processing 79178808 to 79179807 ---
[2025-12-03 11:40:38] --- BATCH SUCCESS: Updated 70,775 events in 19.28s.
[2025-12-03 11:40:38] --- PROGRESS: Block 79179807/79783582 (1.26%) ---
[2025-12-03 11:40:38] --- PERSISTENCE: Saved next start block: 79179808 ---
[2025-12-03 11:40:38] --- CHUNK: Processing 79179808 to 79180807 ---
[2025-12-03 11:41:09] --- BATCH SUCCESS: Updated 67,501 events in 31.11s.
[2025-12-03 11:41:09] --- PROGRESS: Block 79180807/79783582 (1.43%) ---
[2025-12-03 11:41:09] --- PERSISTENCE: Saved next start block: 79180808 ---
[2025-12-03 11:41:09] --- CHUNK: Processing 79180808 to 79181807 ---
[2025-12-03 11:42:21] --- BATCH SUCCESS: Updated 65,365 events in 71.82s.
[2025-12-03 11:42:21] --- PROGRESS: Block 79181807/79783582 (1.59%) ---
[2025-12-03 11:42:21] --- PERSISTENCE: Saved next start block: 79181808 ---
[2025-12-03 11:42:21] --- CHUNK: Processing 79181808 to 79182807 ---
[2025-12-03 11:43:02] --- BATCH SUCCESS: Updated 56,786 events in 41.75s.
[2025-12-03 11:43:02] --- PROGRESS: Block 79182807/79783582 (1.75%) ---
[2025-12-03 11:43:02] --- PERSISTENCE: Saved next start block: 79182808 ---
[2025-12-03 11:43:02] --- CHUNK: Processing 79182808 to 79183807 ---
[2025-12-03 11:43:43] --- BATCH SUCCESS: Updated 63,938 events in 40.62s.
[2025-12-03 11:43:43] --- PROGRESS: Block 79183807/79783582 (1.92%) ---
[2025-12-03 11:43:43] --- PERSISTENCE: Saved next start block: 79183808 ---
[2025-12-03 11:43:43] --- CHUNK: Processing 79183808 to 79184807 ---
[2025-12-03 11:44:20] --- BATCH SUCCESS: Updated 68,644 events in 37.59s.
[2025-12-03 11:44:20] --- PROGRESS: Block 79184807/79783582 (2.08%) ---
[2025-12-03 11:44:20] --- PERSISTENCE: Saved next start block: 79184808 ---
[2025-12-03 11:44:20] --- CHUNK: Processing 79184808 to 79185807 ---
[2025-12-03 11:45:03] --- BATCH SUCCESS: Updated 74,373 events in 42.06s.
[2025-12-03 11:45:03] --- PROGRESS: Block 79185807/79783582 (2.24%) ---
[2025-12-03 11:45:03] --- PERSISTENCE: Saved next start block: 79185808 ---
[2025-12-03 11:45:03] --- CHUNK: Processing 79185808 to 79186807 ---
[2025-12-03 11:46:20] --- BATCH SUCCESS: Updated 105,026 events in 77.26s.
[2025-12-03 11:46:20] --- PROGRESS: Block 79186807/79783582 (2.41%) ---
[2025-12-03 11:46:20] --- PERSISTENCE: Saved next start block: 79186808 ---
[2025-12-03 11:46:20] --- CHUNK: Processing 79186808 to 79187807 ---
[2025-12-03 11:47:14] --- BATCH SUCCESS: Updated 86,224 events in 54.04s.
[2025-12-03 11:47:14] --- PROGRESS: Block 79187807/79783582 (2.57%) ---
[2025-12-03 11:47:14] --- PERSISTENCE: Saved next start block: 79187808 ---
[2025-12-03 11:47:14] --- CHUNK: Processing 79187808 to 79188807 ---
[2025-12-03 11:48:29] --- BATCH SUCCESS: Updated 95,695 events in 74.99s.
[2025-12-03 11:48:29] --- PROGRESS: Block 79188807/79783582 (2.73%) ---
[2025-12-03 11:48:29] --- PERSISTENCE: Saved next start block: 79188808 ---
[2025-12-03 11:48:29] --- CHUNK: Processing 79188808 to 79189807 ---
[2025-12-03 11:49:34] --- BATCH SUCCESS: Updated 88,642 events in 65.04s.
[2025-12-03 11:49:34] --- PROGRESS: Block 79189807/79783582 (2.90%) ---
[2025-12-03 11:49:34] --- PERSISTENCE: Saved next start block: 79189808 ---
[2025-12-03 11:49:34] --- CHUNK: Processing 79189808 to 79190807 ---
[2025-12-03 11:50:48] --- BATCH SUCCESS: Updated 90,084 events in 74.46s.
[2025-12-03 11:50:48] --- PROGRESS: Block 79190807/79783582 (3.06%) ---
[2025-12-03 11:50:48] --- PERSISTENCE: Saved next start block: 79190808 ---
[2025-12-03 11:50:48] --- CHUNK: Processing 79190808 to 79191807 ---
[2025-12-03 11:51:53] --- BATCH SUCCESS: Updated 74,877 events in 64.77s.
[2025-12-03 11:51:53] --- PROGRESS: Block 79191807/79783582 (3.23%) ---
[2025-12-03 11:51:53] --- PERSISTENCE: Saved next start block: 79191808 ---
[2025-12-03 11:51:53] --- CHUNK: Processing 79191808 to 79192807 ---
[2025-12-03 11:52:41] --- BATCH SUCCESS: Updated 74,626 events in 48.26s.
[2025-12-03 11:52:41] --- PROGRESS: Block 79192807/79783582 (3.39%) ---
[2025-12-03 11:52:41] --- PERSISTENCE: Saved next start block: 79192808 ---
[2025-12-03 11:52:41] --- CHUNK: Processing 79192808 to 79193807 ---
[2025-12-03 11:54:14] --- BATCH SUCCESS: Updated 71,507 events in 92.68s.
[2025-12-03 11:54:14] --- PROGRESS: Block 79193807/79783582 (3.55%) ---
[2025-12-03 11:54:14] --- PERSISTENCE: Saved next start block: 79193808 ---
[2025-12-03 11:54:14] --- CHUNK: Processing 79193808 to 79194807 ---
[2025-12-03 11:56:29] --- BATCH SUCCESS: Updated 69,117 events in 134.63s.
[2025-12-03 11:56:29] --- PROGRESS: Block 79194807/79783582 (3.72%) ---
[2025-12-03 11:56:29] --- PERSISTENCE: Saved next start block: 79194808 ---
[2025-12-03 11:56:29] --- CHUNK: Processing 79194808 to 79195807 ---
[2025-12-03 11:57:25] --- BATCH SUCCESS: Updated 67,113 events in 56.78s.
[2025-12-03 11:57:25] --- PROGRESS: Block 79195807/79783582 (3.88%) ---
[2025-12-03 11:57:25] --- PERSISTENCE: Saved next start block: 79195808 ---
[2025-12-03 11:57:25] --- CHUNK: Processing 79195808 to 79196807 ---
[2025-12-03 11:58:26] --- BATCH SUCCESS: Updated 71,459 events in 60.43s.
[2025-12-03 11:58:26] --- PROGRESS: Block 79196807/79783582 (4.04%) ---
[2025-12-03 11:58:26] --- PERSISTENCE: Saved next start block: 79196808 ---
[2025-12-03 11:58:26] --- CHUNK: Processing 79196808 to 79197807 ---
[2025-12-03 11:59:40] --- BATCH SUCCESS: Updated 82,442 events in 74.39s.
[2025-12-03 11:59:40] --- PROGRESS: Block 79197807/79783582 (4.21%) ---
[2025-12-03 11:59:40] --- PERSISTENCE: Saved next start block: 79197808 ---
[2025-12-03 11:59:40] --- CHUNK: Processing 79197808 to 79198807 ---
[2025-12-03 12:00:50] --- BATCH SUCCESS: Updated 77,244 events in 69.40s.
[2025-12-03 12:00:50] --- PROGRESS: Block 79198807/79783582 (4.37%) ---
[2025-12-03 12:00:50] --- PERSISTENCE: Saved next start block: 79198808 ---
[2025-12-03 12:00:50] --- CHUNK: Processing 79198808 to 79199807 ---
[2025-12-03 12:01:36] --- BATCH SUCCESS: Updated 60,885 events in 46.66s.
[2025-12-03 12:01:36] --- PROGRESS: Block 79199807/79783582 (4.53%) ---
[2025-12-03 12:01:36] --- PERSISTENCE: Saved next start block: 79199808 ---
[2025-12-03 12:01:36] --- CHUNK: Processing 79199808 to 79200807 ---
[2025-12-03 12:02:26] --- BATCH SUCCESS: Updated 59,916 events in 49.70s.
[2025-12-03 12:02:26] --- PROGRESS: Block 79200807/79783582 (4.70%) ---
[2025-12-03 12:02:26] --- PERSISTENCE: Saved next start block: 79200808 ---
[2025-12-03 12:02:26] --- CHUNK: Processing 79200808 to 79201807 ---
[2025-12-03 12:03:15] --- BATCH SUCCESS: Updated 54,035 events in 48.77s.
[2025-12-03 12:03:15] --- PROGRESS: Block 79201807/79783582 (4.86%) ---
[2025-12-03 12:03:15] --- PERSISTENCE: Saved next start block: 79201808 ---
[2025-12-03 12:03:15] --- CHUNK: Processing 79201808 to 79202807 ---
[2025-12-03 12:03:58] --- BATCH SUCCESS: Updated 55,562 events in 43.42s.
[2025-12-03 12:03:58] --- PROGRESS: Block 79202807/79783582 (5.02%) ---
[2025-12-03 12:03:58] --- PERSISTENCE: Saved next start block: 79202808 ---
[2025-12-03 12:03:58] --- CHUNK: Processing 79202808 to 79203807 ---
[2025-12-03 12:04:40] --- BATCH SUCCESS: Updated 54,690 events in 41.58s.
[2025-12-03 12:04:40] --- PROGRESS: Block 79203807/79783582 (5.19%) ---
[2025-12-03 12:04:40] --- PERSISTENCE: Saved next start block: 79203808 ---
[2025-12-03 12:04:40] --- CHUNK: Processing 79203808 to 79204807 ---
[2025-12-03 12:06:05] --- BATCH SUCCESS: Updated 66,481 events in 85.39s.
[2025-12-03 12:06:05] --- PROGRESS: Block 79204807/79783582 (5.35%) ---
[2025-12-03 12:06:05] --- PERSISTENCE: Saved next start block: 79204808 ---
[2025-12-03 12:06:05] --- CHUNK: Processing 79204808 to 79205807 ---
[2025-12-03 12:07:44] --- BATCH SUCCESS: Updated 76,363 events in 99.18s.
[2025-12-03 12:07:44] --- PROGRESS: Block 79205807/79783582 (5.51%) ---
[2025-12-03 12:07:44] --- PERSISTENCE: Saved next start block: 79205808 ---
[2025-12-03 12:07:44] --- CHUNK: Processing 79205808 to 79206807 ---
[2025-12-03 12:09:03] --- BATCH SUCCESS: Updated 79,121 events in 78.22s.
[2025-12-03 12:09:03] --- PROGRESS: Block 79206807/79783582 (5.68%) ---
[2025-12-03 12:09:03] --- PERSISTENCE: Saved next start block: 79206808 ---
[2025-12-03 12:09:03] --- CHUNK: Processing 79206808 to 79207807 ---
[2025-12-03 12:10:42] --- BATCH SUCCESS: Updated 77,719 events in 99.59s.
[2025-12-03 12:10:42] --- PROGRESS: Block 79207807/79783582 (5.84%) ---
[2025-12-03 12:10:42] --- PERSISTENCE: Saved next start block: 79207808 ---
[2025-12-03 12:10:42] --- CHUNK: Processing 79207808 to 79208807 ---
[2025-12-03 12:12:18] --- BATCH SUCCESS: Updated 71,968 events in 95.28s.
[2025-12-03 12:12:18] --- PROGRESS: Block 79208807/79783582 (6.01%) ---
[2025-12-03 12:12:18] --- PERSISTENCE: Saved next start block: 79208808 ---
[2025-12-03 12:12:18] --- CHUNK: Processing 79208808 to 79209807 ---
[2025-12-03 12:13:41] --- BATCH SUCCESS: Updated 64,955 events in 83.00s.
[2025-12-03 12:13:41] --- PROGRESS: Block 79209807/79783582 (6.17%) ---
[2025-12-03 12:13:41] --- PERSISTENCE: Saved next start block: 79209808 ---
[2025-12-03 12:13:41] --- CHUNK: Processing 79209808 to 79210807 ---
[2025-12-03 12:15:05] --- BATCH SUCCESS: Updated 78,124 events in 84.59s.
[2025-12-03 12:15:05] --- PROGRESS: Block 79210807/79783582 (6.33%) ---
[2025-12-03 12:15:05] --- PERSISTENCE: Saved next start block: 79210808 ---
[2025-12-03 12:15:05] --- CHUNK: Processing 79210808 to 79211807 ---
[2025-12-03 12:16:18] --- BATCH SUCCESS: Updated 64,527 events in 72.45s.
[2025-12-03 12:16:18] --- PROGRESS: Block 79211807/79783582 (6.50%) ---
[2025-12-03 12:16:18] --- PERSISTENCE: Saved next start block: 79211808 ---
[2025-12-03 12:16:18] --- CHUNK: Processing 79211808 to 79212807 ---
[2025-12-03 12:17:31] --- BATCH SUCCESS: Updated 69,650 events in 73.33s.
[2025-12-03 12:17:31] --- PROGRESS: Block 79212807/79783582 (6.66%) ---
[2025-12-03 12:17:31] --- PERSISTENCE: Saved next start block: 79212808 ---
[2025-12-03 12:17:31] --- CHUNK: Processing 79212808 to 79213807 ---
[2025-12-03 12:18:52] --- BATCH SUCCESS: Updated 73,784 events in 81.60s.
[2025-12-03 12:18:52] --- PROGRESS: Block 79213807/79783582 (6.82%) ---
[2025-12-03 12:18:52] --- PERSISTENCE: Saved next start block: 79213808 ---
[2025-12-03 12:18:52] --- CHUNK: Processing 79213808 to 79214807 ---
[2025-12-03 12:20:18] --- BATCH SUCCESS: Updated 75,038 events in 85.12s.
[2025-12-03 12:20:18] --- PROGRESS: Block 79214807/79783582 (6.99%) ---
[2025-12-03 12:20:18] --- PERSISTENCE: Saved next start block: 79214808 ---
[2025-12-03 12:20:18] --- CHUNK: Processing 79214808 to 79215807 ---
[2025-12-03 12:21:36] --- BATCH SUCCESS: Updated 76,363 events in 78.14s.
[2025-12-03 12:21:36] --- PROGRESS: Block 79215807/79783582 (7.15%) ---
[2025-12-03 12:21:36] --- PERSISTENCE: Saved next start block: 79215808 ---
[2025-12-03 12:21:36] --- CHUNK: Processing 79215808 to 79216807 ---
[2025-12-03 12:22:41] --- BATCH SUCCESS: Updated 68,850 events in 65.29s.
[2025-12-03 12:22:41] --- PROGRESS: Block 79216807/79783582 (7.31%) ---
[2025-12-03 12:22:41] --- PERSISTENCE: Saved next start block: 79216808 ---
[2025-12-03 12:22:41] --- CHUNK: Processing 79216808 to 79217807 ---
