nohup: ignoring input
Starting async scheduler. Scripts will run every 10800 seconds.
Running script: /home/mario_cattaneo/polymarket/aggregation/pg_scripts/aggregate_events.sql
Script /home/mario_cattaneo/polymarket/aggregation/pg_scripts/aggregate_events.sql completed successfully.
Running script: /home/mario_cattaneo/polymarket/aggregation/pg_scripts/miss_count_agg.sql
Script /home/mario_cattaneo/polymarket/aggregation/pg_scripts/miss_count_agg.sql completed successfully.
Waiting for 10800 seconds...
Running script: /home/mario_cattaneo/polymarket/aggregation/pg_scripts/aggregate_events.sql
Script /home/mario_cattaneo/polymarket/aggregation/pg_scripts/aggregate_events.sql completed successfully.
Running script: /home/mario_cattaneo/polymarket/aggregation/pg_scripts/miss_count_agg.sql
Script /home/mario_cattaneo/polymarket/aggregation/pg_scripts/miss_count_agg.sql completed successfully.
Waiting for 10800 seconds...
Running script: /home/mario_cattaneo/polymarket/aggregation/pg_scripts/aggregate_events.sql
Script /home/mario_cattaneo/polymarket/aggregation/pg_scripts/aggregate_events.sql completed successfully.
Running script: /home/mario_cattaneo/polymarket/aggregation/pg_scripts/miss_count_agg.sql
Script /home/mario_cattaneo/polymarket/aggregation/pg_scripts/miss_count_agg.sql completed successfully.
Waiting for 10800 seconds...
Running script: /home/mario_cattaneo/polymarket/aggregation/pg_scripts/aggregate_events.sql
Script /home/mario_cattaneo/polymarket/aggregation/pg_scripts/aggregate_events.sql completed successfully.
Running script: /home/mario_cattaneo/polymarket/aggregation/pg_scripts/miss_count_agg.sql
Script /home/mario_cattaneo/polymarket/aggregation/pg_scripts/miss_count_agg.sql completed successfully.
Waiting for 10800 seconds...
Running script: /home/mario_cattaneo/polymarket/aggregation/pg_scripts/aggregate_events.sql
Script /home/mario_cattaneo/polymarket/aggregation/pg_scripts/aggregate_events.sql completed successfully.
Running script: /home/mario_cattaneo/polymarket/aggregation/pg_scripts/miss_count_agg.sql
Script /home/mario_cattaneo/polymarket/aggregation/pg_scripts/miss_count_agg.sql completed successfully.
Waiting for 10800 seconds...
Running script: /home/mario_cattaneo/polymarket/aggregation/pg_scripts/aggregate_events.sql
Script /home/mario_cattaneo/polymarket/aggregation/pg_scripts/aggregate_events.sql completed successfully.
Running script: /home/mario_cattaneo/polymarket/aggregation/pg_scripts/miss_count_agg.sql
Script /home/mario_cattaneo/polymarket/aggregation/pg_scripts/miss_count_agg.sql completed successfully.
Waiting for 10800 seconds...
Running script: /home/mario_cattaneo/polymarket/aggregation/pg_scripts/aggregate_events.sql
Script /home/mario_cattaneo/polymarket/aggregation/pg_scripts/aggregate_events.sql completed successfully.
Running script: /home/mario_cattaneo/polymarket/aggregation/pg_scripts/miss_count_agg.sql
Script /home/mario_cattaneo/polymarket/aggregation/pg_scripts/miss_count_agg.sql completed successfully.
Waiting for 10800 seconds...
Running script: /home/mario_cattaneo/polymarket/aggregation/pg_scripts/aggregate_events.sql
Script /home/mario_cattaneo/polymarket/aggregation/pg_scripts/aggregate_events.sql completed successfully.
Running script: /home/mario_cattaneo/polymarket/aggregation/pg_scripts/miss_count_agg.sql
Script /home/mario_cattaneo/polymarket/aggregation/pg_scripts/miss_count_agg.sql completed successfully.
Waiting for 10800 seconds...
Running script: /home/mario_cattaneo/polymarket/aggregation/pg_scripts/aggregate_events.sql
Script /home/mario_cattaneo/polymarket/aggregation/pg_scripts/aggregate_events.sql completed successfully.
Running script: /home/mario_cattaneo/polymarket/aggregation/pg_scripts/miss_count_agg.sql
Script /home/mario_cattaneo/polymarket/aggregation/pg_scripts/miss_count_agg.sql completed successfully.
Waiting for 10800 seconds...
Running script: /home/mario_cattaneo/polymarket/aggregation/pg_scripts/aggregate_events.sql
Script /home/mario_cattaneo/polymarket/aggregation/pg_scripts/aggregate_events.sql completed successfully.
Running script: /home/mario_cattaneo/polymarket/aggregation/pg_scripts/miss_count_agg.sql
Script /home/mario_cattaneo/polymarket/aggregation/pg_scripts/miss_count_agg.sql completed successfully.
Waiting for 10800 seconds...
Running script: /home/mario_cattaneo/polymarket/aggregation/pg_scripts/aggregate_events.sql
Script /home/mario_cattaneo/polymarket/aggregation/pg_scripts/aggregate_events.sql completed successfully.
Running script: /home/mario_cattaneo/polymarket/aggregation/pg_scripts/miss_count_agg.sql
Script /home/mario_cattaneo/polymarket/aggregation/pg_scripts/miss_count_agg.sql completed successfully.
Waiting for 10800 seconds...
Running script: /home/mario_cattaneo/polymarket/aggregation/pg_scripts/aggregate_events.sql
Script /home/mario_cattaneo/polymarket/aggregation/pg_scripts/aggregate_events.sql completed successfully.
Running script: /home/mario_cattaneo/polymarket/aggregation/pg_scripts/miss_count_agg.sql
Script /home/mario_cattaneo/polymarket/aggregation/pg_scripts/miss_count_agg.sql completed successfully.
Waiting for 10800 seconds...
Running script: /home/mario_cattaneo/polymarket/aggregation/pg_scripts/aggregate_events.sql
Script /home/mario_cattaneo/polymarket/aggregation/pg_scripts/aggregate_events.sql completed successfully.
Running script: /home/mario_cattaneo/polymarket/aggregation/pg_scripts/miss_count_agg.sql
Script /home/mario_cattaneo/polymarket/aggregation/pg_scripts/miss_count_agg.sql completed successfully.
Waiting for 10800 seconds...
Running script: /home/mario_cattaneo/polymarket/aggregation/pg_scripts/aggregate_events.sql
Script /home/mario_cattaneo/polymarket/aggregation/pg_scripts/aggregate_events.sql completed successfully.
Running script: /home/mario_cattaneo/polymarket/aggregation/pg_scripts/miss_count_agg.sql
Script /home/mario_cattaneo/polymarket/aggregation/pg_scripts/miss_count_agg.sql completed successfully.
Waiting for 10800 seconds...
Running script: /home/mario_cattaneo/polymarket/aggregation/pg_scripts/aggregate_events.sql
Script /home/mario_cattaneo/polymarket/aggregation/pg_scripts/aggregate_events.sql completed successfully.
Running script: /home/mario_cattaneo/polymarket/aggregation/pg_scripts/miss_count_agg.sql
Script /home/mario_cattaneo/polymarket/aggregation/pg_scripts/miss_count_agg.sql completed successfully.
Waiting for 10800 seconds...
Running script: /home/mario_cattaneo/polymarket/aggregation/pg_scripts/aggregate_events.sql
Script /home/mario_cattaneo/polymarket/aggregation/pg_scripts/aggregate_events.sql completed successfully.
Running script: /home/mario_cattaneo/polymarket/aggregation/pg_scripts/miss_count_agg.sql
Script /home/mario_cattaneo/polymarket/aggregation/pg_scripts/miss_count_agg.sql completed successfully.
Waiting for 10800 seconds...
Running script: /home/mario_cattaneo/polymarket/aggregation/pg_scripts/aggregate_events.sql
Script /home/mario_cattaneo/polymarket/aggregation/pg_scripts/aggregate_events.sql completed successfully.
Running script: /home/mario_cattaneo/polymarket/aggregation/pg_scripts/miss_count_agg.sql
Script /home/mario_cattaneo/polymarket/aggregation/pg_scripts/miss_count_agg.sql completed successfully.
Waiting for 10800 seconds...
Running script: /home/mario_cattaneo/polymarket/aggregation/pg_scripts/aggregate_events.sql
Script /home/mario_cattaneo/polymarket/aggregation/pg_scripts/aggregate_events.sql completed successfully.
Running script: /home/mario_cattaneo/polymarket/aggregation/pg_scripts/miss_count_agg.sql
Script /home/mario_cattaneo/polymarket/aggregation/pg_scripts/miss_count_agg.sql completed successfully.
Waiting for 10800 seconds...
Running script: /home/mario_cattaneo/polymarket/aggregation/pg_scripts/aggregate_events.sql
Script /home/mario_cattaneo/polymarket/aggregation/pg_scripts/aggregate_events.sql completed successfully.
Running script: /home/mario_cattaneo/polymarket/aggregation/pg_scripts/miss_count_agg.sql
Script /home/mario_cattaneo/polymarket/aggregation/pg_scripts/miss_count_agg.sql completed successfully.
Waiting for 10800 seconds...
Running script: /home/mario_cattaneo/polymarket/aggregation/pg_scripts/aggregate_events.sql